<?xml version="1.0" encoding="UTF-8"?>
<coverage generated="1779554841195" clover="3.2.0">
  <project timestamp="1779554841196" name="All files">
    <metrics statements="206" coveredstatements="191" conditionals="142" coveredconditionals="107" methods="42" coveredmethods="38" elements="390" coveredelements="336" complexity="0" loc="206" ncloc="206" packages="3" files="6" classes="6"/>
    <package name="app">
      <metrics statements="14" coveredstatements="14" conditionals="12" coveredconditionals="10" methods="2" coveredmethods="2"/>
      <file name="login.tsx" path="C:\desenvolvimento\app-zooloo\app\login.tsx">
        <metrics statements="14" coveredstatements="14" conditionals="12" coveredconditionals="10" methods="2" coveredmethods="2"/>
        <line num="17" count="12" type="stmt"/>
        <line num="18" count="12" type="stmt"/>
        <line num="19" count="12" type="stmt"/>
        <line num="20" count="12" type="stmt"/>
        <line num="24" count="12" type="stmt"/>
        <line num="25" count="3" type="cond" truecount="4" falsecount="0"/>
        <line num="26" count="1" type="stmt"/>
        <line num="27" count="1" type="stmt"/>
        <line num="29" count="2" type="stmt"/>
        <line num="30" count="2" type="stmt"/>
        <line num="31" count="2" type="stmt"/>
        <line num="34" count="1" type="cond" truecount="1" falsecount="1"/>
        <line num="36" count="2" type="stmt"/>
        <line num="42" count="12" type="stmt"/>
      </file>
    </package>
    <package name="context">
      <metrics statements="37" coveredstatements="34" conditionals="10" coveredconditionals="7" methods="6" coveredmethods="6"/>
      <file name="AuthContext.tsx" path="C:\desenvolvimento\app-zooloo\context\AuthContext.tsx">
        <metrics statements="37" coveredstatements="34" conditionals="10" coveredconditionals="7" methods="6" coveredmethods="6"/>
        <line num="14" count="1" type="stmt"/>
        <line num="16" count="1" type="stmt"/>
        <line num="17" count="12" type="stmt"/>
        <line num="18" count="12" type="stmt"/>
        <line num="19" count="12" type="stmt"/>
        <line num="21" count="12" type="stmt"/>
        <line num="22" count="5" type="stmt"/>
        <line num="23" count="5" type="stmt"/>
        <line num="24" count="5" type="stmt"/>
        <line num="25" count="5" type="stmt"/>
        <line num="26" count="5" type="cond" truecount="2" falsecount="0"/>
        <line num="28" count="0" type="stmt"/>
        <line num="29" count="0" type="stmt"/>
        <line num="31" count="5" type="stmt"/>
        <line num="35" count="12" type="stmt"/>
        <line num="36" count="5" type="stmt"/>
        <line num="39" count="12" type="stmt"/>
        <line num="40" count="2" type="stmt"/>
        <line num="41" count="2" type="stmt"/>
        <line num="42" count="1" type="cond" truecount="3" falsecount="1"/>
        <line num="43" count="0" type="cond" truecount="0" falsecount="2"/>
        <line num="45" count="1" type="stmt"/>
        <line num="46" count="1" type="stmt"/>
        <line num="48" count="1" type="stmt"/>
        <line num="49" count="1" type="stmt"/>
        <line num="50" count="1" type="stmt"/>
        <line num="54" count="12" type="stmt"/>
        <line num="55" count="1" type="stmt"/>
        <line num="56" count="1" type="stmt"/>
        <line num="60" count="1" type="stmt"/>
        <line num="61" count="1" type="stmt"/>
        <line num="65" count="12" type="stmt"/>
        <line num="74" count="1" type="stmt"/>
        <line num="75" count="14" type="stmt"/>
        <line num="76" count="14" type="cond" truecount="2" falsecount="0"/>
        <line num="77" count="2" type="stmt"/>
        <line num="79" count="12" type="stmt"/>
      </file>
    </package>
    <package name="services">
      <metrics statements="155" coveredstatements="143" conditionals="120" coveredconditionals="90" methods="34" coveredmethods="30"/>
      <file name="apiClient.ts" path="C:\desenvolvimento\app-zooloo\services\apiClient.ts">
        <metrics statements="52" coveredstatements="48" conditionals="42" coveredconditionals="35" methods="10" coveredmethods="9"/>
        <line num="15" count="8" type="stmt"/>
        <line num="16" count="8" type="stmt"/>
        <line num="26" count="19" type="stmt"/>
        <line num="27" count="19" type="cond" truecount="1" falsecount="1"/>
        <line num="28" count="0" type="stmt"/>
        <line num="29" count="0" type="stmt"/>
        <line num="33" count="20" type="stmt"/>
        <line num="34" count="20" type="stmt"/>
        <line num="35" count="20" type="cond" truecount="2" falsecount="0"/>
        <line num="36" count="19" type="stmt"/>
        <line num="38" count="0" type="stmt"/>
        <line num="43" count="12" type="stmt"/>
        <line num="44" count="12" type="cond" truecount="1" falsecount="1"/>
        <line num="45" count="12" type="cond" truecount="1" falsecount="1"/>
        <line num="46" count="12" type="cond" truecount="1" falsecount="1"/>
        <line num="47" count="12" type="stmt"/>
        <line num="51" count="22" type="stmt"/>
        <line num="52" count="22" type="stmt"/>
        <line num="53" count="22" type="stmt"/>
        <line num="54" count="22" type="stmt"/>
        <line num="56" count="22" type="stmt"/>
        <line num="64" count="2" type="stmt"/>
        <line num="66" count="2" type="stmt"/>
        <line num="73" count="20" type="stmt"/>
        <line num="77" count="6" type="cond" truecount="1" falsecount="1"/>
        <line num="78" count="6" type="cond" truecount="2" falsecount="0"/>
        <line num="79" count="4" type="stmt"/>
        <line num="80" count="4" type="stmt"/>
        <line num="83" count="6" type="stmt"/>
        <line num="104" count="22" type="stmt"/>
        <line num="106" count="22" type="cond" truecount="2" falsecount="0"/>
        <line num="107" count="8" type="stmt"/>
        <line num="108" count="8" type="cond" truecount="4" falsecount="0"/>
        <line num="109" count="4" type="stmt"/>
        <line num="110" count="4" type="cond" truecount="1" falsecount="1"/>
        <line num="114" count="22" type="stmt"/>
        <line num="118" count="22" type="cond" truecount="2" falsecount="0"/>
        <line num="121" count="22" type="stmt"/>
        <line num="122" count="22" type="stmt"/>
        <line num="128" count="4" type="cond" truecount="4" falsecount="0"/>
        <line num="129" count="1" type="stmt"/>
        <line num="131" count="3" type="stmt"/>
        <line num="135" count="18" type="cond" truecount="5" falsecount="0"/>
        <line num="136" count="2" type="stmt"/>
        <line num="137" count="2" type="cond" truecount="2" falsecount="0"/>
        <line num="138" count="1" type="stmt"/>
        <line num="143" count="17" type="stmt"/>
        <line num="144" count="17" type="stmt"/>
        <line num="146" count="0" type="stmt"/>
        <line num="149" count="17" type="cond" truecount="2" falsecount="0"/>
        <line num="150" count="3" type="stmt"/>
        <line num="157" count="14" type="stmt"/>
      </file>
      <file name="apiConfig.ts" path="C:\desenvolvimento\app-zooloo\services\apiConfig.ts">
        <metrics statements="15" coveredstatements="14" conditionals="17" coveredconditionals="11" methods="3" coveredmethods="3"/>
        <line num="4" count="3" type="stmt"/>
        <line num="12" count="28" type="cond" truecount="1" falsecount="1"/>
        <line num="16" count="23" type="cond" truecount="1" falsecount="1"/>
        <line num="17" count="23" type="cond" truecount="1" falsecount="1"/>
        <line num="18" count="23" type="cond" truecount="1" falsecount="1"/>
        <line num="19" count="0" type="cond" truecount="0" falsecount="2"/>
        <line num="23" count="28" type="stmt"/>
        <line num="24" count="28" type="stmt"/>
        <line num="27" count="28" type="cond" truecount="2" falsecount="0"/>
        <line num="28" count="5" type="stmt"/>
        <line num="30" count="23" type="stmt"/>
        <line num="31" count="23" type="stmt"/>
        <line num="34" count="28" type="cond" truecount="5" falsecount="0"/>
        <line num="35" count="1" type="stmt"/>
        <line num="41" count="27" type="stmt"/>
      </file>
      <file name="auth.ts" path="C:\desenvolvimento\app-zooloo\services\auth.ts">
        <metrics statements="51" coveredstatements="47" conditionals="45" coveredconditionals="32" methods="9" coveredmethods="6"/>
        <line num="71" count="6" type="stmt"/>
        <line num="72" count="6" type="cond" truecount="1" falsecount="1"/>
        <line num="73" count="6" type="cond" truecount="1" falsecount="1"/>
        <line num="74" count="6" type="cond" truecount="1" falsecount="1"/>
        <line num="75" count="6" type="stmt"/>
        <line num="81" count="4" type="stmt"/>
        <line num="82" count="4" type="stmt"/>
        <line num="94" count="2" type="cond" truecount="1" falsecount="1"/>
        <line num="95" count="0" type="stmt"/>
        <line num="98" count="2" type="cond" truecount="2" falsecount="0"/>
        <line num="99" count="1" type="stmt"/>
        <line num="104" count="1" type="cond" truecount="1" falsecount="1"/>
        <line num="105" count="1" type="cond" truecount="1" falsecount="1"/>
        <line num="106" count="1" type="cond" truecount="1" falsecount="1"/>
        <line num="107" count="1" type="stmt"/>
        <line num="111" count="2" type="cond" truecount="1" falsecount="1"/>
        <line num="112" count="2" type="stmt"/>
        <line num="113" count="2" type="stmt"/>
        <line num="121" count="1" type="stmt"/>
        <line num="124" count="1" type="stmt"/>
        <line num="129" count="4" type="stmt"/>
        <line num="130" count="4" type="cond" truecount="2" falsecount="0"/>
        <line num="131" count="2" type="stmt"/>
        <line num="132" count="2" type="stmt"/>
        <line num="140" count="2" type="cond" truecount="4" falsecount="0"/>
        <line num="141" count="1" type="stmt"/>
        <line num="142" count="1" type="cond" truecount="1" falsecount="1"/>
        <line num="143" count="1" type="stmt"/>
        <line num="149" count="1" type="stmt"/>
        <line num="150" count="1" type="stmt"/>
        <line num="151" count="1" type="stmt"/>
        <line num="155" count="3" type="stmt"/>
        <line num="156" count="3" type="stmt"/>
        <line num="157" count="3" type="cond" truecount="4" falsecount="0"/>
        <line num="158" count="2" type="stmt"/>
        <line num="159" count="2" type="stmt"/>
        <line num="172" count="3" type="stmt"/>
        <line num="173" count="3" type="stmt"/>
        <line num="174" count="3" type="stmt"/>
        <line num="178" count="0" type="stmt"/>
        <line num="182" count="0" type="stmt"/>
        <line num="186" count="4" type="stmt"/>
        <line num="187" count="4" type="cond" truecount="2" falsecount="0"/>
        <line num="188" count="3" type="cond" truecount="2" falsecount="0"/>
        <line num="189" count="1" type="stmt"/>
        <line num="190" count="1" type="stmt"/>
        <line num="192" count="2" type="cond" truecount="1" falsecount="1"/>
        <line num="193" count="0" type="stmt"/>
        <line num="195" count="2" type="cond" truecount="1" falsecount="1"/>
        <line num="199" count="1" type="stmt"/>
        <line num="202" count="1" type="stmt"/>
      </file>
      <file name="secureStorage.ts" path="C:\desenvolvimento\app-zooloo\services\secureStorage.ts">
        <metrics statements="37" coveredstatements="34" conditionals="16" coveredconditionals="12" methods="12" coveredmethods="12"/>
        <line num="5" count="3" type="stmt"/>
        <line num="6" count="3" type="stmt"/>
        <line num="7" count="3" type="stmt"/>
        <line num="8" count="3" type="stmt"/>
        <line num="9" count="3" type="stmt"/>
        <line num="11" count="3" type="cond" truecount="1" falsecount="1"/>
        <line num="14" count="26" type="cond" truecount="1" falsecount="1"/>
        <line num="15" count="26" type="stmt"/>
        <line num="19" count="0" type="stmt"/>
        <line num="24" count="42" type="cond" truecount="1" falsecount="1"/>
        <line num="25" count="42" type="stmt"/>
        <line num="27" count="0" type="stmt"/>
        <line num="31" count="52" type="cond" truecount="1" falsecount="1"/>
        <line num="32" count="52" type="stmt"/>
        <line num="34" count="0" type="stmt"/>
        <line num="39" count="18" type="stmt"/>
        <line num="43" count="29" type="stmt"/>
        <line num="44" count="29" type="cond" truecount="2" falsecount="0"/>
        <line num="45" count="9" type="stmt"/>
        <line num="46" count="9" type="cond" truecount="2" falsecount="0"/>
        <line num="47" count="1" type="stmt"/>
        <line num="48" count="1" type="stmt"/>
        <line num="49" count="1" type="stmt"/>
        <line num="51" count="9" type="stmt"/>
        <line num="55" count="33" type="stmt"/>
        <line num="56" count="33" type="stmt"/>
        <line num="60" count="7" type="stmt"/>
        <line num="64" count="13" type="stmt"/>
        <line num="68" count="19" type="stmt"/>
        <line num="72" count="3" type="stmt"/>
        <line num="77" count="7" type="cond" truecount="2" falsecount="0"/>
        <line num="79" count="7" type="cond" truecount="2" falsecount="0"/>
        <line num="80" count="4" type="stmt"/>
        <line num="81" count="4" type="stmt"/>
        <line num="83" count="1" type="stmt"/>
        <line num="88" count="18" type="stmt"/>
        <line num="89" count="18" type="stmt"/>
      </file>
    </package>
  </project>
</coverage>
