{"/home/helder/Desenvolvimento/app-zooloo/app/login.tsx": {"path":"/home/helder/Desenvolvimento/app-zooloo/app/login.tsx","statementMap":{"0":{"start":{"line":21,"column":38},"end":{"line":21,"column":50}},"1":{"start":{"line":22,"column":34},"end":{"line":22,"column":46}},"2":{"start":{"line":23,"column":42},"end":{"line":23,"column":57}},"3":{"start":{"line":24,"column":20},"end":{"line":24,"column":29}},"4":{"start":{"line":26,"column":22},"end":{"line":39,"column":3}},"5":{"start":{"line":27,"column":4},"end":{"line":30,"column":5}},"6":{"start":{"line":28,"column":6},"end":{"line":28,"column":65}},"7":{"start":{"line":29,"column":6},"end":{"line":29,"column":13}},"8":{"start":{"line":31,"column":4},"end":{"line":31,"column":26}},"9":{"start":{"line":32,"column":4},"end":{"line":38,"column":5}},"10":{"start":{"line":33,"column":6},"end":{"line":33,"column":75}},"11":{"start":{"line":35,"column":6},"end":{"line":35,"column":97}},"12":{"start":{"line":37,"column":6},"end":{"line":37,"column":29}},"13":{"start":{"line":41,"column":2},"end":{"line":116,"column":4}},"14":{"start":{"line":63,"column":35},"end":{"line":63,"column":59}},"15":{"start":{"line":119,"column":15},"end":{"line":222,"column":2}}},"fnMap":{"0":{"name":"LoginScreen","decl":{"start":{"line":20,"column":24},"end":{"line":20,"column":35}},"loc":{"start":{"line":20,"column":38},"end":{"line":117,"column":1}},"line":20},"1":{"name":"(anonymous_1)","decl":{"start":{"line":26,"column":22},"end":{"line":26,"column":23}},"loc":{"start":{"line":26,"column":34},"end":{"line":39,"column":3}},"line":26},"2":{"name":"(anonymous_2)","decl":{"start":{"line":63,"column":29},"end":{"line":63,"column":30}},"loc":{"start":{"line":63,"column":35},"end":{"line":63,"column":59}},"line":63}},"branchMap":{"0":{"loc":{"start":{"line":27,"column":4},"end":{"line":30,"column":5}},"type":"if","locations":[{"start":{"line":27,"column":4},"end":{"line":30,"column":5}},{"start":{},"end":{}}],"line":27},"1":{"loc":{"start":{"line":27,"column":8},"end":{"line":27,"column":46}},"type":"binary-expr","locations":[{"start":{"line":27,"column":8},"end":{"line":27,"column":26}},{"start":{"line":27,"column":30},"end":{"line":27,"column":46}}],"line":27},"2":{"loc":{"start":{"line":35,"column":35},"end":{"line":35,"column":95}},"type":"cond-expr","locations":[{"start":{"line":35,"column":60},"end":{"line":35,"column":73}},{"start":{"line":35,"column":76},"end":{"line":35,"column":95}}],"line":35},"3":{"loc":{"start":{"line":44,"column":18},"end":{"line":44,"column":62}},"type":"cond-expr","locations":[{"start":{"line":44,"column":42},"end":{"line":44,"column":51}},{"start":{"line":44,"column":54},"end":{"line":44,"column":62}}],"line":44},"4":{"loc":{"start":{"line":97,"column":39},"end":{"line":97,"column":76}},"type":"binary-expr","locations":[{"start":{"line":97,"column":39},"end":{"line":97,"column":51}},{"start":{"line":97,"column":55},"end":{"line":97,"column":76}}],"line":97},"5":{"loc":{"start":{"line":102,"column":17},"end":{"line":109,"column":17}},"type":"cond-expr","locations":[{"start":{"line":103,"column":18},"end":{"line":106,"column":25}},{"start":{"line":108,"column":18},"end":{"line":108,"column":63}}],"line":102}},"s":{"0":13,"1":13,"2":13,"3":13,"4":13,"5":3,"6":1,"7":1,"8":2,"9":2,"10":2,"11":1,"12":2,"13":13,"14":1,"15":1},"f":{"0":13,"1":3,"2":1},"b":{"0":[1,2],"1":[3,2],"2":[1,0],"3":[13,0],"4":[13,2],"5":[2,11]},"_coverageSchema":"1a1c01bbd47fc00a2c39e90264f33305004495a9","hash":"94eff4a18f416d5baee0442a4295286393fedaa8"}
,"/home/helder/Desenvolvimento/app-zooloo/app/terminal.tsx": {"path":"/home/helder/Desenvolvimento/app-zooloo/app/terminal.tsx","statementMap":{"0":{"start":{"line":19,"column":30},"end":{"line":19,"column":59}},"1":{"start":{"line":20,"column":32},"end":{"line":20,"column":46}},"2":{"start":{"line":21,"column":30},"end":{"line":21,"column":45}},"3":{"start":{"line":23,"column":2},"end":{"line":38,"column":9}},"4":{"start":{"line":24,"column":18},"end":{"line":24,"column":22}},"5":{"start":{"line":25,"column":4},"end":{"line":34,"column":9}},"6":{"start":{"line":26,"column":6},"end":{"line":33,"column":7}},"7":{"start":{"line":27,"column":22},"end":{"line":27,"column":45}},"8":{"start":{"line":28,"column":8},"end":{"line":28,"column":38}},"9":{"start":{"line":28,"column":21},"end":{"line":28,"column":38}},"10":{"start":{"line":30,"column":8},"end":{"line":30,"column":37}},"11":{"start":{"line":30,"column":21},"end":{"line":30,"column":37}},"12":{"start":{"line":32,"column":8},"end":{"line":32,"column":39}},"13":{"start":{"line":32,"column":21},"end":{"line":32,"column":39}},"14":{"start":{"line":35,"column":4},"end":{"line":37,"column":6}},"15":{"start":{"line":36,"column":6},"end":{"line":36,"column":22}},"16":{"start":{"line":40,"column":21},"end":{"line":49,"column":3}},"17":{"start":{"line":41,"column":4},"end":{"line":41,"column":24}},"18":{"start":{"line":41,"column":17},"end":{"line":41,"column":24}},"19":{"start":{"line":42,"column":4},"end":{"line":48,"column":5}},"20":{"start":{"line":43,"column":6},"end":{"line":43,"column":45}},"21":{"start":{"line":44,"column":6},"end":{"line":44,"column":22}},"22":{"start":{"line":45,"column":6},"end":{"line":45,"column":47}},"23":{"start":{"line":45,"column":23},"end":{"line":45,"column":39}},"24":{"start":{"line":47,"column":6},"end":{"line":47,"column":63}},"25":{"start":{"line":51,"column":2},"end":{"line":110,"column":4}},"26":{"start":{"line":56,"column":27},"end":{"line":56,"column":40}},"27":{"start":{"line":102,"column":27},"end":{"line":102,"column":51}},"28":{"start":{"line":113,"column":15},"end":{"line":207,"column":2}}},"fnMap":{"0":{"name":"TerminalScreen","decl":{"start":{"line":18,"column":24},"end":{"line":18,"column":38}},"loc":{"start":{"line":18,"column":41},"end":{"line":111,"column":1}},"line":18},"1":{"name":"(anonymous_1)","decl":{"start":{"line":23,"column":12},"end":{"line":23,"column":13}},"loc":{"start":{"line":23,"column":18},"end":{"line":38,"column":3}},"line":23},"2":{"name":"(anonymous_2)","decl":{"start":{"line":25,"column":5},"end":{"line":25,"column":6}},"loc":{"start":{"line":25,"column":17},"end":{"line":34,"column":5}},"line":25},"3":{"name":"(anonymous_3)","decl":{"start":{"line":35,"column":11},"end":{"line":35,"column":12}},"loc":{"start":{"line":35,"column":17},"end":{"line":37,"column":5}},"line":35},"4":{"name":"(anonymous_4)","decl":{"start":{"line":40,"column":21},"end":{"line":40,"column":22}},"loc":{"start":{"line":40,"column":33},"end":{"line":49,"column":3}},"line":40},"5":{"name":"(anonymous_5)","decl":{"start":{"line":45,"column":17},"end":{"line":45,"column":18}},"loc":{"start":{"line":45,"column":23},"end":{"line":45,"column":39}},"line":45},"6":{"name":"(anonymous_6)","decl":{"start":{"line":56,"column":21},"end":{"line":56,"column":22}},"loc":{"start":{"line":56,"column":27},"end":{"line":56,"column":40}},"line":56},"7":{"name":"(anonymous_7)","decl":{"start":{"line":102,"column":21},"end":{"line":102,"column":22}},"loc":{"start":{"line":102,"column":27},"end":{"line":102,"column":51}},"line":102}},"branchMap":{"0":{"loc":{"start":{"line":28,"column":8},"end":{"line":28,"column":38}},"type":"if","locations":[{"start":{"line":28,"column":8},"end":{"line":28,"column":38}},{"start":{},"end":{}}],"line":28},"1":{"loc":{"start":{"line":30,"column":8},"end":{"line":30,"column":37}},"type":"if","locations":[{"start":{"line":30,"column":8},"end":{"line":30,"column":37}},{"start":{},"end":{}}],"line":30},"2":{"loc":{"start":{"line":32,"column":8},"end":{"line":32,"column":39}},"type":"if","locations":[{"start":{"line":32,"column":8},"end":{"line":32,"column":39}},{"start":{},"end":{}}],"line":32},"3":{"loc":{"start":{"line":41,"column":4},"end":{"line":41,"column":24}},"type":"if","locations":[{"start":{"line":41,"column":4},"end":{"line":41,"column":24}},{"start":{},"end":{}}],"line":41},"4":{"loc":{"start":{"line":77,"column":11},"end":{"line":83,"column":11}},"type":"cond-expr","locations":[{"start":{"line":78,"column":12},"end":{"line":78,"column":84}},{"start":{"line":80,"column":12},"end":{"line":82,"column":19}}],"line":77},"5":{"loc":{"start":{"line":81,"column":15},"end":{"line":81,"column":39}},"type":"binary-expr","locations":[{"start":{"line":81,"column":15},"end":{"line":81,"column":21}},{"start":{"line":81,"column":25},"end":{"line":81,"column":39}}],"line":81},"6":{"loc":{"start":{"line":86,"column":35},"end":{"line":86,"column":80}},"type":"binary-expr","locations":[{"start":{"line":86,"column":36},"end":{"line":86,"column":43}},{"start":{"line":86,"column":47},"end":{"line":86,"column":54}},{"start":{"line":86,"column":59},"end":{"line":86,"column":80}}],"line":86},"7":{"loc":{"start":{"line":88,"column":22},"end":{"line":88,"column":40}},"type":"binary-expr","locations":[{"start":{"line":88,"column":22},"end":{"line":88,"column":29}},{"start":{"line":88,"column":33},"end":{"line":88,"column":40}}],"line":88},"8":{"loc":{"start":{"line":93,"column":20},"end":{"line":93,"column":53}},"type":"cond-expr","locations":[{"start":{"line":93,"column":29},"end":{"line":93,"column":36}},{"start":{"line":93,"column":39},"end":{"line":93,"column":53}}],"line":93},"9":{"loc":{"start":{"line":97,"column":45},"end":{"line":97,"column":82}},"type":"cond-expr","locations":[{"start":{"line":97,"column":54},"end":{"line":97,"column":64}},{"start":{"line":97,"column":67},"end":{"line":97,"column":82}}],"line":97},"10":{"loc":{"start":{"line":162,"column":16},"end":{"line":162,"column":61}},"type":"cond-expr","locations":[{"start":{"line":162,"column":40},"end":{"line":162,"column":47}},{"start":{"line":162,"column":50},"end":{"line":162,"column":61}}],"line":162}},"s":{"0":7,"1":7,"2":7,"3":7,"4":3,"5":3,"6":3,"7":3,"8":3,"9":3,"10":0,"11":0,"12":3,"13":3,"14":3,"15":3,"16":7,"17":1,"18":0,"19":1,"20":1,"21":1,"22":1,"23":0,"24":0,"25":7,"26":0,"27":1,"28":1},"f":{"0":7,"1":3,"2":3,"3":3,"4":1,"5":0,"6":0,"7":1},"b":{"0":[3,0],"1":[0,0],"2":[3,0],"3":[0,1],"4":[3,4],"5":[4,0],"6":[7,4,3],"7":[7,4],"8":[1,6],"9":[1,6],"10":[1,0]},"_coverageSchema":"1a1c01bbd47fc00a2c39e90264f33305004495a9","hash":"8f4e6de4d75c3c0af5d6809e3031c9d401cd49b1"}
,"/home/helder/Desenvolvimento/app-zooloo/context/AuthContext.tsx": {"path":"/home/helder/Desenvolvimento/app-zooloo/context/AuthContext.tsx","statementMap":{"0":{"start":{"line":15,"column":20},"end":{"line":15,"column":73}},"1":{"start":{"line":17,"column":63},"end":{"line":101,"column":1}},"2":{"start":{"line":18,"column":48},"end":{"line":18,"column":72}},"3":{"start":{"line":19,"column":26},"end":{"line":19,"column":53}},"4":{"start":{"line":20,"column":34},"end":{"line":20,"column":71}},"5":{"start":{"line":21,"column":36},"end":{"line":21,"column":59}},"6":{"start":{"line":23,"column":26},"end":{"line":42,"column":8}},"7":{"start":{"line":24,"column":4},"end":{"line":41,"column":5}},"8":{"start":{"line":25,"column":6},"end":{"line":25,"column":25}},"9":{"start":{"line":26,"column":28},"end":{"line":26,"column":63}},"10":{"start":{"line":27,"column":6},"end":{"line":27,"column":40}},"11":{"start":{"line":28,"column":6},"end":{"line":34,"column":7}},"12":{"start":{"line":29,"column":8},"end":{"line":29,"column":51}},"13":{"start":{"line":30,"column":8},"end":{"line":30,"column":59}},"14":{"start":{"line":32,"column":8},"end":{"line":32,"column":22}},"15":{"start":{"line":33,"column":8},"end":{"line":33,"column":26}},"16":{"start":{"line":36,"column":6},"end":{"line":36,"column":32}},"17":{"start":{"line":37,"column":6},"end":{"line":37,"column":20}},"18":{"start":{"line":38,"column":6},"end":{"line":38,"column":24}},"19":{"start":{"line":40,"column":6},"end":{"line":40,"column":26}},"20":{"start":{"line":44,"column":2},"end":{"line":46,"column":24}},"21":{"start":{"line":45,"column":4},"end":{"line":45,"column":22}},"22":{"start":{"line":48,"column":16},"end":{"line":72,"column":8}},"23":{"start":{"line":49,"column":4},"end":{"line":71,"column":5}},"24":{"start":{"line":50,"column":23},"end":{"line":50,"column":59}},"25":{"start":{"line":51,"column":6},"end":{"line":53,"column":7}},"26":{"start":{"line":52,"column":8},"end":{"line":52,"column":69}},"27":{"start":{"line":54,"column":6},"end":{"line":54,"column":31}},"28":{"start":{"line":55,"column":6},"end":{"line":55,"column":29}},"29":{"start":{"line":56,"column":6},"end":{"line":65,"column":8}},"30":{"start":{"line":67,"column":6},"end":{"line":67,"column":32}},"31":{"start":{"line":68,"column":6},"end":{"line":68,"column":20}},"32":{"start":{"line":69,"column":6},"end":{"line":69,"column":24}},"33":{"start":{"line":70,"column":6},"end":{"line":70,"column":18}},"34":{"start":{"line":74,"column":17},"end":{"line":84,"column":8}},"35":{"start":{"line":75,"column":4},"end":{"line":83,"column":5}},"36":{"start":{"line":76,"column":6},"end":{"line":76,"column":33}},"37":{"start":{"line":80,"column":6},"end":{"line":80,"column":32}},"38":{"start":{"line":81,"column":6},"end":{"line":81,"column":20}},"39":{"start":{"line":82,"column":6},"end":{"line":82,"column":24}},"40":{"start":{"line":86,"column":2},"end":{"line":100,"column":4}},"41":{"start":{"line":103,"column":23},"end":{"line":109,"column":1}},"42":{"start":{"line":104,"column":18},"end":{"line":104,"column":41}},"43":{"start":{"line":105,"column":2},"end":{"line":107,"column":3}},"44":{"start":{"line":106,"column":4},"end":{"line":106,"column":72}},"45":{"start":{"line":108,"column":2},"end":{"line":108,"column":17}}},"fnMap":{"0":{"name":"(anonymous_0)","decl":{"start":{"line":17,"column":63},"end":{"line":17,"column":64}},"loc":{"start":{"line":17,"column":81},"end":{"line":101,"column":1}},"line":17},"1":{"name":"(anonymous_1)","decl":{"start":{"line":23,"column":38},"end":{"line":23,"column":39}},"loc":{"start":{"line":23,"column":50},"end":{"line":42,"column":3}},"line":23},"2":{"name":"(anonymous_2)","decl":{"start":{"line":44,"column":12},"end":{"line":44,"column":13}},"loc":{"start":{"line":44,"column":18},"end":{"line":46,"column":3}},"line":44},"3":{"name":"(anonymous_3)","decl":{"start":{"line":48,"column":28},"end":{"line":48,"column":29}},"loc":{"start":{"line":48,"column":105},"end":{"line":72,"column":3}},"line":48},"4":{"name":"(anonymous_4)","decl":{"start":{"line":74,"column":29},"end":{"line":74,"column":30}},"loc":{"start":{"line":74,"column":41},"end":{"line":84,"column":3}},"line":74},"5":{"name":"(anonymous_5)","decl":{"start":{"line":103,"column":23},"end":{"line":103,"column":24}},"loc":{"start":{"line":103,"column":46},"end":{"line":109,"column":1}},"line":103}},"branchMap":{"0":{"loc":{"start":{"line":28,"column":6},"end":{"line":34,"column":7}},"type":"if","locations":[{"start":{"line":28,"column":6},"end":{"line":34,"column":7}},{"start":{"line":31,"column":13},"end":{"line":34,"column":7}}],"line":28},"1":{"loc":{"start":{"line":51,"column":6},"end":{"line":53,"column":7}},"type":"if","locations":[{"start":{"line":51,"column":6},"end":{"line":53,"column":7}},{"start":{},"end":{}}],"line":51},"2":{"loc":{"start":{"line":51,"column":10},"end":{"line":51,"column":45}},"type":"binary-expr","locations":[{"start":{"line":51,"column":10},"end":{"line":51,"column":27}},{"start":{"line":51,"column":31},"end":{"line":51,"column":45}}],"line":51},"3":{"loc":{"start":{"line":52,"column":24},"end":{"line":52,"column":67}},"type":"binary-expr","locations":[{"start":{"line":52,"column":24},"end":{"line":52,"column":40}},{"start":{"line":52,"column":44},"end":{"line":52,"column":67}}],"line":52},"4":{"loc":{"start":{"line":57,"column":8},"end":{"line":64,"column":16}},"type":"cond-expr","locations":[{"start":{"line":58,"column":12},"end":{"line":63,"column":13}},{"start":{"line":64,"column":12},"end":{"line":64,"column":16}}],"line":57},"5":{"loc":{"start":{"line":105,"column":2},"end":{"line":107,"column":3}},"type":"if","locations":[{"start":{"line":105,"column":2},"end":{"line":107,"column":3}},{"start":{},"end":{}}],"line":105}},"s":{"0":1,"1":1,"2":12,"3":12,"4":12,"5":12,"6":12,"7":5,"8":5,"9":5,"10":5,"11":5,"12":2,"13":2,"14":3,"15":3,"16":0,"17":0,"18":0,"19":5,"20":12,"21":5,"22":12,"23":2,"24":2,"25":1,"26":0,"27":1,"28":1,"29":1,"30":1,"31":1,"32":1,"33":1,"34":12,"35":1,"36":1,"37":1,"38":1,"39":1,"40":12,"41":1,"42":14,"43":14,"44":2,"45":12},"f":{"0":12,"1":5,"2":5,"3":2,"4":1,"5":14},"b":{"0":[2,3],"1":[0,1],"2":[1,1],"3":[0,0],"4":[1,0],"5":[2,12]},"_coverageSchema":"1a1c01bbd47fc00a2c39e90264f33305004495a9","hash":"32e4600fc80a9fd8597eacdcff55b51fb38dc705"}
,"/home/helder/Desenvolvimento/app-zooloo/context/CarrinhoContext.tsx": {"path":"/home/helder/Desenvolvimento/app-zooloo/context/CarrinhoContext.tsx","statementMap":{"0":{"start":{"line":13,"column":24},"end":{"line":13,"column":81}},"1":{"start":{"line":15,"column":32},"end":{"line":55,"column":1}},"2":{"start":{"line":16,"column":28},"end":{"line":16,"column":54}},"3":{"start":{"line":18,"column":24},"end":{"line":27,"column":3}},"4":{"start":{"line":19,"column":4},"end":{"line":21,"column":5}},"5":{"start":{"line":20,"column":6},"end":{"line":20,"column":64}},"6":{"start":{"line":22,"column":33},"end":{"line":25,"column":5}},"7":{"start":{"line":26,"column":4},"end":{"line":26,"column":44}},"8":{"start":{"line":26,"column":23},"end":{"line":26,"column":42}},"9":{"start":{"line":29,"column":22},"end":{"line":31,"column":3}},"10":{"start":{"line":30,"column":4},"end":{"line":30,"column":78}},"11":{"start":{"line":30,"column":23},"end":{"line":30,"column":76}},"12":{"start":{"line":30,"column":45},"end":{"line":30,"column":75}},"13":{"start":{"line":33,"column":25},"end":{"line":35,"column":3}},"14":{"start":{"line":34,"column":4},"end":{"line":34,"column":17}},"15":{"start":{"line":37,"column":27},"end":{"line":39,"column":3}},"16":{"start":{"line":38,"column":4},"end":{"line":38,"column":69}},"17":{"start":{"line":38,"column":41},"end":{"line":38,"column":64}},"18":{"start":{"line":41,"column":2},"end":{"line":54,"column":4}},"19":{"start":{"line":57,"column":27},"end":{"line":63,"column":1}},"20":{"start":{"line":58,"column":18},"end":{"line":58,"column":45}},"21":{"start":{"line":59,"column":2},"end":{"line":61,"column":3}},"22":{"start":{"line":60,"column":4},"end":{"line":60,"column":80}},"23":{"start":{"line":62,"column":2},"end":{"line":62,"column":17}}},"fnMap":{"0":{"name":"(anonymous_0)","decl":{"start":{"line":15,"column":32},"end":{"line":15,"column":33}},"loc":{"start":{"line":15,"column":75},"end":{"line":55,"column":1}},"line":15},"1":{"name":"(anonymous_1)","decl":{"start":{"line":18,"column":24},"end":{"line":18,"column":25}},"loc":{"start":{"line":18,"column":66},"end":{"line":27,"column":3}},"line":18},"2":{"name":"(anonymous_2)","decl":{"start":{"line":26,"column":13},"end":{"line":26,"column":14}},"loc":{"start":{"line":26,"column":23},"end":{"line":26,"column":42}},"line":26},"3":{"name":"(anonymous_3)","decl":{"start":{"line":29,"column":22},"end":{"line":29,"column":23}},"loc":{"start":{"line":29,"column":46},"end":{"line":31,"column":3}},"line":29},"4":{"name":"(anonymous_4)","decl":{"start":{"line":30,"column":13},"end":{"line":30,"column":14}},"loc":{"start":{"line":30,"column":23},"end":{"line":30,"column":76}},"line":30},"5":{"name":"(anonymous_5)","decl":{"start":{"line":30,"column":35},"end":{"line":30,"column":36}},"loc":{"start":{"line":30,"column":45},"end":{"line":30,"column":75}},"line":30},"6":{"name":"(anonymous_6)","decl":{"start":{"line":33,"column":25},"end":{"line":33,"column":26}},"loc":{"start":{"line":33,"column":31},"end":{"line":35,"column":3}},"line":33},"7":{"name":"(anonymous_7)","decl":{"start":{"line":37,"column":27},"end":{"line":37,"column":28}},"loc":{"start":{"line":37,"column":33},"end":{"line":39,"column":3}},"line":37},"8":{"name":"(anonymous_8)","decl":{"start":{"line":38,"column":24},"end":{"line":38,"column":25}},"loc":{"start":{"line":38,"column":41},"end":{"line":38,"column":64}},"line":38},"9":{"name":"(anonymous_9)","decl":{"start":{"line":57,"column":27},"end":{"line":57,"column":28}},"loc":{"start":{"line":57,"column":33},"end":{"line":63,"column":1}},"line":57}},"branchMap":{"0":{"loc":{"start":{"line":19,"column":4},"end":{"line":21,"column":5}},"type":"if","locations":[{"start":{"line":19,"column":4},"end":{"line":21,"column":5}},{"start":{},"end":{}}],"line":19},"1":{"loc":{"start":{"line":59,"column":2},"end":{"line":61,"column":3}},"type":"if","locations":[{"start":{"line":59,"column":2},"end":{"line":61,"column":3}},{"start":{},"end":{}}],"line":59}},"s":{"0":1,"1":1,"2":11,"3":11,"4":155,"5":1,"6":154,"7":154,"8":154,"9":11,"10":1,"11":1,"12":1,"13":11,"14":1,"15":11,"16":3,"17":1,"18":11,"19":1,"20":11,"21":11,"22":0,"23":11},"f":{"0":11,"1":155,"2":154,"3":1,"4":1,"5":1,"6":1,"7":3,"8":1,"9":11},"b":{"0":[1,154],"1":[0,11]},"_coverageSchema":"1a1c01bbd47fc00a2c39e90264f33305004495a9","hash":"a9e9f4a695c12edcb5a2648f0fb1633f69dacf8b"}
,"/home/helder/Desenvolvimento/app-zooloo/services/apiClient.ts": {"path":"/home/helder/Desenvolvimento/app-zooloo/services/apiClient.ts","statementMap":{"0":{"start":{"line":15,"column":4},"end":{"line":15,"column":19}},"1":{"start":{"line":16,"column":4},"end":{"line":16,"column":27}},"2":{"start":{"line":26,"column":17},"end":{"line":26,"column":98}},"3":{"start":{"line":27,"column":2},"end":{"line":27,"column":54}},"4":{"start":{"line":27,"column":34},"end":{"line":27,"column":54}},"5":{"start":{"line":28,"column":21},"end":{"line":28,"column":38}},"6":{"start":{"line":29,"column":2},"end":{"line":29,"column":58}},"7":{"start":{"line":33,"column":2},"end":{"line":39,"column":3}},"8":{"start":{"line":34,"column":18},"end":{"line":34,"column":34}},"9":{"start":{"line":35,"column":4},"end":{"line":35,"column":40}},"10":{"start":{"line":35,"column":28},"end":{"line":35,"column":40}},"11":{"start":{"line":36,"column":4},"end":{"line":36,"column":63}},"12":{"start":{"line":38,"column":4},"end":{"line":38,"column":16}},"13":{"start":{"line":43,"column":12},"end":{"line":43,"column":28}},"14":{"start":{"line":44,"column":2},"end":{"line":44,"column":22}},"15":{"start":{"line":44,"column":10},"end":{"line":44,"column":22}},"16":{"start":{"line":45,"column":14},"end":{"line":45,"column":56}},"17":{"start":{"line":46,"column":2},"end":{"line":46,"column":24}},"18":{"start":{"line":46,"column":12},"end":{"line":46,"column":24}},"19":{"start":{"line":47,"column":2},"end":{"line":47,"column":59}},"20":{"start":{"line":51,"column":21},"end":{"line":51,"column":42}},"21":{"start":{"line":52,"column":16},"end":{"line":52,"column":63}},"22":{"start":{"line":52,"column":33},"end":{"line":52,"column":51}},"23":{"start":{"line":53,"column":2},"end":{"line":57,"column":3}},"24":{"start":{"line":54,"column":4},"end":{"line":54,"column":68}},"25":{"start":{"line":56,"column":4},"end":{"line":56,"column":24}},"26":{"start":{"line":64,"column":53},"end":{"line":64,"column":57}},"27":{"start":{"line":66,"column":34},"end":{"line":66,"column":38}},"28":{"start":{"line":73,"column":2},"end":{"line":73,"column":17}},"29":{"start":{"line":77,"column":2},"end":{"line":77,"column":30}},"30":{"start":{"line":77,"column":18},"end":{"line":77,"column":30}},"31":{"start":{"line":78,"column":2},"end":{"line":82,"column":3}},"32":{"start":{"line":79,"column":4},"end":{"line":81,"column":7}},"33":{"start":{"line":80,"column":6},"end":{"line":80,"column":29}},"34":{"start":{"line":83,"column":2},"end":{"line":83,"column":25}},"35":{"start":{"line":104,"column":29},"end":{"line":104,"column":33}},"36":{"start":{"line":106,"column":2},"end":{"line":112,"column":3}},"37":{"start":{"line":107,"column":4},"end":{"line":107,"column":29}},"38":{"start":{"line":108,"column":4},"end":{"line":111,"column":5}},"39":{"start":{"line":109,"column":24},"end":{"line":109,"column":46}},"40":{"start":{"line":110,"column":6},"end":{"line":110,"column":39}},"41":{"start":{"line":110,"column":21},"end":{"line":110,"column":39}},"42":{"start":{"line":114,"column":42},"end":{"line":117,"column":3}},"43":{"start":{"line":118,"column":2},"end":{"line":118,"column":55}},"44":{"start":{"line":118,"column":13},"end":{"line":118,"column":55}},"45":{"start":{"line":121,"column":2},"end":{"line":132,"column":3}},"46":{"start":{"line":122,"column":4},"end":{"line":126,"column":23}},"47":{"start":{"line":128,"column":4},"end":{"line":130,"column":5}},"48":{"start":{"line":129,"column":6},"end":{"line":129,"column":58}},"49":{"start":{"line":131,"column":4},"end":{"line":131,"column":68}},"50":{"start":{"line":135,"column":2},"end":{"line":140,"column":3}},"51":{"start":{"line":136,"column":22},"end":{"line":136,"column":44}},"52":{"start":{"line":137,"column":4},"end":{"line":139,"column":5}},"53":{"start":{"line":138,"column":6},"end":{"line":138,"column":60}},"54":{"start":{"line":143,"column":2},"end":{"line":147,"column":3}},"55":{"start":{"line":144,"column":4},"end":{"line":144,"column":52}},"56":{"start":{"line":146,"column":4},"end":{"line":146,"column":77}},"57":{"start":{"line":149,"column":2},"end":{"line":155,"column":3}},"58":{"start":{"line":150,"column":4},"end":{"line":154,"column":6}},"59":{"start":{"line":157,"column":2},"end":{"line":157,"column":28}}},"fnMap":{"0":{"name":"(anonymous_0)","decl":{"start":{"line":10,"column":2},"end":{"line":10,"column":3}},"loc":{"start":{"line":14,"column":4},"end":{"line":17,"column":3}},"line":14},"1":{"name":"base64UrlDecode","decl":{"start":{"line":25,"column":9},"end":{"line":25,"column":24}},"loc":{"start":{"line":25,"column":48},"end":{"line":30,"column":1}},"line":25},"2":{"name":"decodeJwt","decl":{"start":{"line":32,"column":16},"end":{"line":32,"column":25}},"loc":{"start":{"line":32,"column":60},"end":{"line":40,"column":1}},"line":32},"3":{"name":"isTokenExpiringSoon","decl":{"start":{"line":42,"column":16},"end":{"line":42,"column":35}},"loc":{"start":{"line":42,"column":78},"end":{"line":48,"column":1}},"line":42},"4":{"name":"timedFetch","decl":{"start":{"line":50,"column":15},"end":{"line":50,"column":25}},"loc":{"start":{"line":50,"column":90},"end":{"line":58,"column":1}},"line":50},"5":{"name":"(anonymous_5)","decl":{"start":{"line":52,"column":27},"end":{"line":52,"column":28}},"loc":{"start":{"line":52,"column":33},"end":{"line":52,"column":51}},"line":52},"6":{"name":"setRefreshHandler","decl":{"start":{"line":72,"column":16},"end":{"line":72,"column":33}},"loc":{"start":{"line":72,"column":49},"end":{"line":74,"column":1}},"line":72},"7":{"name":"performRefresh","decl":{"start":{"line":76,"column":15},"end":{"line":76,"column":29}},"loc":{"start":{"line":76,"column":56},"end":{"line":84,"column":1}},"line":76},"8":{"name":"(anonymous_8)","decl":{"start":{"line":79,"column":42},"end":{"line":79,"column":43}},"loc":{"start":{"line":79,"column":48},"end":{"line":81,"column":5}},"line":79},"9":{"name":"apiCall","decl":{"start":{"line":100,"column":22},"end":{"line":100,"column":29}},"loc":{"start":{"line":103,"column":14},"end":{"line":158,"column":1}},"line":103}},"branchMap":{"0":{"loc":{"start":{"line":27,"column":2},"end":{"line":27,"column":54}},"type":"if","locations":[{"start":{"line":27,"column":2},"end":{"line":27,"column":54}},{"start":{},"end":{}}],"line":27},"1":{"loc":{"start":{"line":35,"column":4},"end":{"line":35,"column":40}},"type":"if","locations":[{"start":{"line":35,"column":4},"end":{"line":35,"column":40}},{"start":{},"end":{}}],"line":35},"2":{"loc":{"start":{"line":42,"column":51},"end":{"line":42,"column":67}},"type":"default-arg","locations":[{"start":{"line":42,"column":65},"end":{"line":42,"column":67}}],"line":42},"3":{"loc":{"start":{"line":44,"column":2},"end":{"line":44,"column":22}},"type":"if","locations":[{"start":{"line":44,"column":2},"end":{"line":44,"column":22}},{"start":{},"end":{}}],"line":44},"4":{"loc":{"start":{"line":45,"column":15},"end":{"line":45,"column":33}},"type":"binary-expr","locations":[{"start":{"line":45,"column":15},"end":{"line":45,"column":20}},{"start":{"line":45,"column":24},"end":{"line":45,"column":33}}],"line":45},"5":{"loc":{"start":{"line":46,"column":2},"end":{"line":46,"column":24}},"type":"if","locations":[{"start":{"line":46,"column":2},"end":{"line":46,"column":24}},{"start":{},"end":{}}],"line":46},"6":{"loc":{"start":{"line":50,"column":58},"end":{"line":50,"column":88}},"type":"default-arg","locations":[{"start":{"line":50,"column":70},"end":{"line":50,"column":88}}],"line":50},"7":{"loc":{"start":{"line":77,"column":2},"end":{"line":77,"column":30}},"type":"if","locations":[{"start":{"line":77,"column":2},"end":{"line":77,"column":30}},{"start":{},"end":{}}],"line":77},"8":{"loc":{"start":{"line":78,"column":2},"end":{"line":82,"column":3}},"type":"if","locations":[{"start":{"line":78,"column":2},"end":{"line":82,"column":3}},{"start":{},"end":{}}],"line":78},"9":{"loc":{"start":{"line":102,"column":2},"end":{"line":102,"column":24}},"type":"default-arg","locations":[{"start":{"line":102,"column":22},"end":{"line":102,"column":24}}],"line":102},"10":{"loc":{"start":{"line":106,"column":2},"end":{"line":112,"column":3}},"type":"if","locations":[{"start":{"line":106,"column":2},"end":{"line":112,"column":3}},{"start":{},"end":{}}],"line":106},"11":{"loc":{"start":{"line":108,"column":4},"end":{"line":111,"column":5}},"type":"if","locations":[{"start":{"line":108,"column":4},"end":{"line":111,"column":5}},{"start":{},"end":{}}],"line":108},"12":{"loc":{"start":{"line":108,"column":8},"end":{"line":108,"column":43}},"type":"binary-expr","locations":[{"start":{"line":108,"column":8},"end":{"line":108,"column":13}},{"start":{"line":108,"column":17},"end":{"line":108,"column":43}}],"line":108},"13":{"loc":{"start":{"line":110,"column":6},"end":{"line":110,"column":39}},"type":"if","locations":[{"start":{"line":110,"column":6},"end":{"line":110,"column":39}},{"start":{},"end":{}}],"line":110},"14":{"loc":{"start":{"line":118,"column":2},"end":{"line":118,"column":55}},"type":"if","locations":[{"start":{"line":118,"column":2},"end":{"line":118,"column":55}},{"start":{},"end":{}}],"line":118},"15":{"loc":{"start":{"line":128,"column":4},"end":{"line":130,"column":5}},"type":"if","locations":[{"start":{"line":128,"column":4},"end":{"line":130,"column":5}},{"start":{},"end":{}}],"line":128},"16":{"loc":{"start":{"line":128,"column":8},"end":{"line":128,"column":53}},"type":"binary-expr","locations":[{"start":{"line":128,"column":8},"end":{"line":128,"column":26}},{"start":{"line":128,"column":30},"end":{"line":128,"column":53}}],"line":128},"17":{"loc":{"start":{"line":135,"column":2},"end":{"line":140,"column":3}},"type":"if","locations":[{"start":{"line":135,"column":2},"end":{"line":140,"column":3}},{"start":{},"end":{}}],"line":135},"18":{"loc":{"start":{"line":135,"column":6},"end":{"line":135,"column":61}},"type":"binary-expr","locations":[{"start":{"line":135,"column":6},"end":{"line":135,"column":24}},{"start":{"line":135,"column":28},"end":{"line":135,"column":42}},{"start":{"line":135,"column":46},"end":{"line":135,"column":61}}],"line":135},"19":{"loc":{"start":{"line":137,"column":4},"end":{"line":139,"column":5}},"type":"if","locations":[{"start":{"line":137,"column":4},"end":{"line":139,"column":5}},{"start":{},"end":{}}],"line":137},"20":{"loc":{"start":{"line":149,"column":2},"end":{"line":155,"column":3}},"type":"if","locations":[{"start":{"line":149,"column":2},"end":{"line":155,"column":3}},{"start":{},"end":{}}],"line":149},"21":{"loc":{"start":{"line":152,"column":6},"end":{"line":152,"column":78}},"type":"cond-expr","locations":[{"start":{"line":152,"column":42},"end":{"line":152,"column":55}},{"start":{"line":152,"column":58},"end":{"line":152,"column":78}}],"line":152}},"s":{"0":8,"1":8,"2":19,"3":19,"4":19,"5":0,"6":0,"7":20,"8":20,"9":20,"10":1,"11":19,"12":0,"13":12,"14":12,"15":0,"16":12,"17":12,"18":0,"19":12,"20":24,"21":24,"22":0,"23":24,"24":24,"25":24,"26":2,"27":2,"28":20,"29":6,"30":0,"31":6,"32":4,"33":4,"34":6,"35":24,"36":24,"37":8,"38":8,"39":4,"40":4,"41":4,"42":24,"43":24,"44":8,"45":24,"46":24,"47":4,"48":1,"49":3,"50":20,"51":2,"52":2,"53":1,"54":19,"55":19,"56":0,"57":19,"58":3,"59":16},"f":{"0":8,"1":19,"2":20,"3":12,"4":24,"5":0,"6":20,"7":6,"8":4,"9":24},"b":{"0":[19,0],"1":[1,19],"2":[12],"3":[0,12],"4":[12,0],"5":[0,12],"6":[24],"7":[0,6],"8":[4,2],"9":[7],"10":[8,16],"11":[4,4],"12":[8,8],"13":[4,0],"14":[8,16],"15":[1,3],"16":[4,4],"17":[2,18],"18":[20,2,2],"19":[1,1],"20":[3,16],"21":[3,0]},"_coverageSchema":"1a1c01bbd47fc00a2c39e90264f33305004495a9","hash":"e4f8c98673d72b11a9afbecb4134115022a97aee"}
,"/home/helder/Desenvolvimento/app-zooloo/services/apiConfig.ts": {"path":"/home/helder/Desenvolvimento/app-zooloo/services/apiConfig.ts","statementMap":{"0":{"start":{"line":4,"column":34},"end":{"line":4,"column":40}},"1":{"start":{"line":12,"column":2},"end":{"line":12,"column":54}},"2":{"start":{"line":16,"column":18},"end":{"line":16,"column":53}},"3":{"start":{"line":17,"column":15},"end":{"line":17,"column":51}},"4":{"start":{"line":18,"column":2},"end":{"line":18,"column":24}},"5":{"start":{"line":18,"column":12},"end":{"line":18,"column":24}},"6":{"start":{"line":19,"column":2},"end":{"line":19,"column":62}},"7":{"start":{"line":23,"column":16},"end":{"line":23,"column":26}},"8":{"start":{"line":24,"column":19},"end":{"line":24,"column":43}},"9":{"start":{"line":27,"column":2},"end":{"line":32,"column":3}},"10":{"start":{"line":28,"column":4},"end":{"line":28,"column":57}},"11":{"start":{"line":30,"column":17},"end":{"line":30,"column":33}},"12":{"start":{"line":31,"column":4},"end":{"line":31,"column":40}},"13":{"start":{"line":34,"column":2},"end":{"line":39,"column":3}},"14":{"start":{"line":35,"column":4},"end":{"line":38,"column":6}},"15":{"start":{"line":41,"column":2},"end":{"line":41,"column":17}}},"fnMap":{"0":{"name":"getExtra","decl":{"start":{"line":11,"column":9},"end":{"line":11,"column":17}},"loc":{"start":{"line":11,"column":27},"end":{"line":13,"column":1}},"line":11},"1":{"name":"resolveDevHost","decl":{"start":{"line":15,"column":9},"end":{"line":15,"column":23}},"loc":{"start":{"line":15,"column":34},"end":{"line":20,"column":1}},"line":15},"2":{"name":"getApiBaseUrl","decl":{"start":{"line":22,"column":16},"end":{"line":22,"column":29}},"loc":{"start":{"line":22,"column":40},"end":{"line":42,"column":1}},"line":22}},"branchMap":{"0":{"loc":{"start":{"line":12,"column":10},"end":{"line":12,"column":43}},"type":"binary-expr","locations":[{"start":{"line":12,"column":10},"end":{"line":12,"column":37}},{"start":{"line":12,"column":41},"end":{"line":12,"column":43}}],"line":12},"1":{"loc":{"start":{"line":16,"column":18},"end":{"line":16,"column":53}},"type":"binary-expr","locations":[{"start":{"line":16,"column":18},"end":{"line":16,"column":47}},{"start":{"line":16,"column":51},"end":{"line":16,"column":53}}],"line":16},"2":{"loc":{"start":{"line":17,"column":15},"end":{"line":17,"column":51}},"type":"cond-expr","locations":[{"start":{"line":17,"column":25},"end":{"line":17,"column":46}},{"start":{"line":17,"column":49},"end":{"line":17,"column":51}}],"line":17},"3":{"loc":{"start":{"line":18,"column":2},"end":{"line":18,"column":24}},"type":"if","locations":[{"start":{"line":18,"column":2},"end":{"line":18,"column":24}},{"start":{},"end":{}}],"line":18},"4":{"loc":{"start":{"line":19,"column":9},"end":{"line":19,"column":61}},"type":"cond-expr","locations":[{"start":{"line":19,"column":37},"end":{"line":19,"column":47}},{"start":{"line":19,"column":50},"end":{"line":19,"column":61}}],"line":19},"5":{"loc":{"start":{"line":27,"column":2},"end":{"line":32,"column":3}},"type":"if","locations":[{"start":{"line":27,"column":2},"end":{"line":32,"column":3}},{"start":{"line":29,"column":9},"end":{"line":32,"column":3}}],"line":27},"6":{"loc":{"start":{"line":34,"column":2},"end":{"line":39,"column":3}},"type":"if","locations":[{"start":{"line":34,"column":2},"end":{"line":39,"column":3}},{"start":{},"end":{}}],"line":34},"7":{"loc":{"start":{"line":34,"column":6},"end":{"line":34,"column":75}},"type":"binary-expr","locations":[{"start":{"line":34,"column":6},"end":{"line":34,"column":14}},{"start":{"line":34,"column":18},"end":{"line":34,"column":47}},{"start":{"line":34,"column":51},"end":{"line":34,"column":75}}],"line":34}},"s":{"0":3,"1":30,"2":25,"3":25,"4":25,"5":25,"6":0,"7":30,"8":30,"9":30,"10":5,"11":25,"12":25,"13":30,"14":1,"15":29},"f":{"0":30,"1":25,"2":30},"b":{"0":[30,0],"1":[25,0],"2":[25,0],"3":[25,0],"4":[0,0],"5":[5,25],"6":[1,29],"7":[30,3,2]},"_coverageSchema":"1a1c01bbd47fc00a2c39e90264f33305004495a9","hash":"0cf2b4d224e24484bbe571202754da426b223a13"}
,"/home/helder/Desenvolvimento/app-zooloo/services/apostaService.ts": {"path":"/home/helder/Desenvolvimento/app-zooloo/services/apostaService.ts","statementMap":{"0":{"start":{"line":10,"column":4},"end":{"line":16,"column":6}},"1":{"start":{"line":27,"column":21},"end":{"line":33,"column":5}},"2":{"start":{"line":36,"column":4},"end":{"line":36,"column":70}}},"fnMap":{"0":{"name":"(anonymous_0)","decl":{"start":{"line":9,"column":2},"end":{"line":9,"column":3}},"loc":{"start":{"line":9,"column":99},"end":{"line":17,"column":3}},"line":9},"1":{"name":"(anonymous_1)","decl":{"start":{"line":23,"column":2},"end":{"line":23,"column":3}},"loc":{"start":{"line":23,"column":73},"end":{"line":37,"column":3}},"line":23}},"branchMap":{"0":{"loc":{"start":{"line":36,"column":11},"end":{"line":36,"column":69}},"type":"cond-expr","locations":[{"start":{"line":36,"column":37},"end":{"line":36,"column":45}},{"start":{"line":36,"column":49},"end":{"line":36,"column":68}}],"line":36},"1":{"loc":{"start":{"line":36,"column":49},"end":{"line":36,"column":68}},"type":"binary-expr","locations":[{"start":{"line":36,"column":49},"end":{"line":36,"column":62}},{"start":{"line":36,"column":66},"end":{"line":36,"column":68}}],"line":36}},"s":{"0":1,"1":2,"2":2},"f":{"0":1,"1":2},"b":{"0":[1,1],"1":[1,0]},"_coverageSchema":"1a1c01bbd47fc00a2c39e90264f33305004495a9","hash":"dfc2783b93881e4babc8939ceb8411efb979b11d"}
,"/home/helder/Desenvolvimento/app-zooloo/services/auth.ts": {"path":"/home/helder/Desenvolvimento/app-zooloo/services/auth.ts","statementMap":{"0":{"start":{"line":88,"column":12},"end":{"line":88,"column":28}},"1":{"start":{"line":89,"column":2},"end":{"line":89,"column":22}},"2":{"start":{"line":89,"column":10},"end":{"line":89,"column":22}},"3":{"start":{"line":90,"column":14},"end":{"line":90,"column":56}},"4":{"start":{"line":91,"column":2},"end":{"line":91,"column":24}},"5":{"start":{"line":91,"column":12},"end":{"line":91,"column":24}},"6":{"start":{"line":92,"column":2},"end":{"line":92,"column":59}},"7":{"start":{"line":98,"column":6},"end":{"line":98,"column":84}},"8":{"start":{"line":101,"column":4},"end":{"line":117,"column":5}},"9":{"start":{"line":102,"column":6},"end":{"line":113,"column":8}},"10":{"start":{"line":115,"column":6},"end":{"line":115,"column":60}},"11":{"start":{"line":115,"column":33},"end":{"line":115,"column":60}},"12":{"start":{"line":116,"column":6},"end":{"line":116,"column":56}},"13":{"start":{"line":119,"column":4},"end":{"line":123,"column":5}},"14":{"start":{"line":120,"column":6},"end":{"line":122,"column":8}},"15":{"start":{"line":125,"column":4},"end":{"line":125,"column":54}},"16":{"start":{"line":125,"column":23},"end":{"line":125,"column":54}},"17":{"start":{"line":126,"column":4},"end":{"line":126,"column":77}},"18":{"start":{"line":126,"column":31},"end":{"line":126,"column":77}},"19":{"start":{"line":127,"column":4},"end":{"line":127,"column":51}},"20":{"start":{"line":127,"column":22},"end":{"line":127,"column":51}},"21":{"start":{"line":128,"column":4},"end":{"line":137,"column":5}},"22":{"start":{"line":129,"column":6},"end":{"line":134,"column":9}},"23":{"start":{"line":136,"column":6},"end":{"line":136,"column":28}},"24":{"start":{"line":138,"column":4},"end":{"line":138,"column":19}},"25":{"start":{"line":142,"column":4},"end":{"line":142,"column":42}},"26":{"start":{"line":142,"column":29},"end":{"line":142,"column":42}},"27":{"start":{"line":143,"column":4},"end":{"line":156,"column":5}},"28":{"start":{"line":144,"column":19},"end":{"line":151,"column":7}},"29":{"start":{"line":152,"column":6},"end":{"line":152,"column":36}},"30":{"start":{"line":155,"column":6},"end":{"line":155,"column":34}},"31":{"start":{"line":160,"column":20},"end":{"line":160,"column":43}},"32":{"start":{"line":161,"column":4},"end":{"line":161,"column":30}},"33":{"start":{"line":161,"column":18},"end":{"line":161,"column":30}},"34":{"start":{"line":162,"column":4},"end":{"line":178,"column":5}},"35":{"start":{"line":163,"column":19},"end":{"line":170,"column":7}},"36":{"start":{"line":171,"column":6},"end":{"line":175,"column":7}},"37":{"start":{"line":172,"column":8},"end":{"line":172,"column":36}},"38":{"start":{"line":173,"column":8},"end":{"line":173,"column":75}},"39":{"start":{"line":173,"column":32},"end":{"line":173,"column":75}},"40":{"start":{"line":174,"column":8},"end":{"line":174,"column":26}},"41":{"start":{"line":180,"column":4},"end":{"line":180,"column":23}},"42":{"start":{"line":181,"column":4},"end":{"line":181,"column":30}},"43":{"start":{"line":182,"column":4},"end":{"line":182,"column":16}},"44":{"start":{"line":186,"column":18},"end":{"line":186,"column":34}},"45":{"start":{"line":187,"column":20},"end":{"line":187,"column":43}},"46":{"start":{"line":188,"column":4},"end":{"line":202,"column":5}},"47":{"start":{"line":189,"column":6},"end":{"line":201,"column":7}},"48":{"start":{"line":190,"column":8},"end":{"line":198,"column":10}},"49":{"start":{"line":203,"column":4},"end":{"line":203,"column":23}},"50":{"start":{"line":204,"column":4},"end":{"line":204,"column":30}},"51":{"start":{"line":205,"column":4},"end":{"line":205,"column":22}},"52":{"start":{"line":206,"column":4},"end":{"line":206,"column":26}},"53":{"start":{"line":210,"column":4},"end":{"line":210,"column":22}},"54":{"start":{"line":214,"column":4},"end":{"line":214,"column":27}},"55":{"start":{"line":218,"column":4},"end":{"line":218,"column":25}},"56":{"start":{"line":222,"column":18},"end":{"line":222,"column":34}},"57":{"start":{"line":223,"column":4},"end":{"line":223,"column":29}},"58":{"start":{"line":223,"column":16},"end":{"line":223,"column":29}},"59":{"start":{"line":224,"column":4},"end":{"line":227,"column":5}},"60":{"start":{"line":225,"column":24},"end":{"line":225,"column":49}},"61":{"start":{"line":226,"column":6},"end":{"line":226,"column":32}},"62":{"start":{"line":228,"column":4},"end":{"line":230,"column":5}},"63":{"start":{"line":229,"column":6},"end":{"line":229,"column":32}},"64":{"start":{"line":231,"column":4},"end":{"line":231,"column":59}},"65":{"start":{"line":235,"column":20},"end":{"line":235,"column":37}},"66":{"start":{"line":238,"column":0},"end":{"line":238,"column":52}},"67":{"start":{"line":238,"column":24},"end":{"line":238,"column":50}}},"fnMap":{"0":{"name":"isJwtExpired","decl":{"start":{"line":87,"column":9},"end":{"line":87,"column":21}},"loc":{"start":{"line":87,"column":64},"end":{"line":93,"column":1}},"line":87},"1":{"name":"(anonymous_1)","decl":{"start":{"line":96,"column":2},"end":{"line":96,"column":3}},"loc":{"start":{"line":96,"column":69},"end":{"line":139,"column":3}},"line":96},"2":{"name":"(anonymous_2)","decl":{"start":{"line":141,"column":2},"end":{"line":141,"column":3}},"loc":{"start":{"line":141,"column":55},"end":{"line":157,"column":3}},"line":141},"3":{"name":"(anonymous_3)","decl":{"start":{"line":159,"column":2},"end":{"line":159,"column":3}},"loc":{"start":{"line":159,"column":47},"end":{"line":183,"column":3}},"line":159},"4":{"name":"(anonymous_4)","decl":{"start":{"line":185,"column":2},"end":{"line":185,"column":3}},"loc":{"start":{"line":185,"column":32},"end":{"line":207,"column":3}},"line":185},"5":{"name":"(anonymous_5)","decl":{"start":{"line":209,"column":2},"end":{"line":209,"column":3}},"loc":{"start":{"line":209,"column":49},"end":{"line":211,"column":3}},"line":209},"6":{"name":"(anonymous_6)","decl":{"start":{"line":213,"column":2},"end":{"line":213,"column":3}},"loc":{"start":{"line":213,"column":46},"end":{"line":215,"column":3}},"line":213},"7":{"name":"(anonymous_7)","decl":{"start":{"line":217,"column":2},"end":{"line":217,"column":3}},"loc":{"start":{"line":217,"column":60},"end":{"line":219,"column":3}},"line":217},"8":{"name":"(anonymous_8)","decl":{"start":{"line":221,"column":2},"end":{"line":221,"column":3}},"loc":{"start":{"line":221,"column":44},"end":{"line":232,"column":3}},"line":221},"9":{"name":"(anonymous_9)","decl":{"start":{"line":238,"column":18},"end":{"line":238,"column":19}},"loc":{"start":{"line":238,"column":24},"end":{"line":238,"column":50}},"line":238}},"branchMap":{"0":{"loc":{"start":{"line":87,"column":37},"end":{"line":87,"column":53}},"type":"default-arg","locations":[{"start":{"line":87,"column":51},"end":{"line":87,"column":53}}],"line":87},"1":{"loc":{"start":{"line":89,"column":2},"end":{"line":89,"column":22}},"type":"if","locations":[{"start":{"line":89,"column":2},"end":{"line":89,"column":22}},{"start":{},"end":{}}],"line":89},"2":{"loc":{"start":{"line":90,"column":15},"end":{"line":90,"column":33}},"type":"binary-expr","locations":[{"start":{"line":90,"column":15},"end":{"line":90,"column":20}},{"start":{"line":90,"column":24},"end":{"line":90,"column":33}}],"line":90},"3":{"loc":{"start":{"line":91,"column":2},"end":{"line":91,"column":24}},"type":"if","locations":[{"start":{"line":91,"column":2},"end":{"line":91,"column":24}},{"start":{},"end":{}}],"line":91},"4":{"loc":{"start":{"line":98,"column":6},"end":{"line":98,"column":84}},"type":"binary-expr","locations":[{"start":{"line":98,"column":7},"end":{"line":98,"column":25}},{"start":{"line":98,"column":29},"end":{"line":98,"column":54}},{"start":{"line":98,"column":60},"end":{"line":98,"column":83}}],"line":98},"5":{"loc":{"start":{"line":115,"column":6},"end":{"line":115,"column":60}},"type":"if","locations":[{"start":{"line":115,"column":6},"end":{"line":115,"column":60}},{"start":{},"end":{}}],"line":115},"6":{"loc":{"start":{"line":119,"column":4},"end":{"line":123,"column":5}},"type":"if","locations":[{"start":{"line":119,"column":4},"end":{"line":123,"column":5}},{"start":{},"end":{}}],"line":119},"7":{"loc":{"start":{"line":121,"column":8},"end":{"line":121,"column":86}},"type":"binary-expr","locations":[{"start":{"line":121,"column":8},"end":{"line":121,"column":24}},{"start":{"line":121,"column":28},"end":{"line":121,"column":86}}],"line":121},"8":{"loc":{"start":{"line":125,"column":4},"end":{"line":125,"column":54}},"type":"if","locations":[{"start":{"line":125,"column":4},"end":{"line":125,"column":54}},{"start":{},"end":{}}],"line":125},"9":{"loc":{"start":{"line":126,"column":4},"end":{"line":126,"column":77}},"type":"if","locations":[{"start":{"line":126,"column":4},"end":{"line":126,"column":77}},{"start":{},"end":{}}],"line":126},"10":{"loc":{"start":{"line":127,"column":4},"end":{"line":127,"column":51}},"type":"if","locations":[{"start":{"line":127,"column":4},"end":{"line":127,"column":51}},{"start":{},"end":{}}],"line":127},"11":{"loc":{"start":{"line":128,"column":4},"end":{"line":137,"column":5}},"type":"if","locations":[{"start":{"line":128,"column":4},"end":{"line":137,"column":5}},{"start":{"line":135,"column":11},"end":{"line":137,"column":5}}],"line":128},"12":{"loc":{"start":{"line":142,"column":4},"end":{"line":142,"column":42}},"type":"if","locations":[{"start":{"line":142,"column":4},"end":{"line":142,"column":42}},{"start":{},"end":{}}],"line":142},"13":{"loc":{"start":{"line":161,"column":4},"end":{"line":161,"column":30}},"type":"if","locations":[{"start":{"line":161,"column":4},"end":{"line":161,"column":30}},{"start":{},"end":{}}],"line":161},"14":{"loc":{"start":{"line":171,"column":6},"end":{"line":175,"column":7}},"type":"if","locations":[{"start":{"line":171,"column":6},"end":{"line":175,"column":7}},{"start":{},"end":{}}],"line":171},"15":{"loc":{"start":{"line":171,"column":10},"end":{"line":171,"column":37}},"type":"binary-expr","locations":[{"start":{"line":171,"column":10},"end":{"line":171,"column":23}},{"start":{"line":171,"column":27},"end":{"line":171,"column":37}}],"line":171},"16":{"loc":{"start":{"line":173,"column":8},"end":{"line":173,"column":75}},"type":"if","locations":[{"start":{"line":173,"column":8},"end":{"line":173,"column":75}},{"start":{},"end":{}}],"line":173},"17":{"loc":{"start":{"line":188,"column":4},"end":{"line":202,"column":5}},"type":"if","locations":[{"start":{"line":188,"column":4},"end":{"line":202,"column":5}},{"start":{},"end":{}}],"line":188},"18":{"loc":{"start":{"line":188,"column":8},"end":{"line":188,"column":24}},"type":"binary-expr","locations":[{"start":{"line":188,"column":8},"end":{"line":188,"column":13}},{"start":{"line":188,"column":17},"end":{"line":188,"column":24}}],"line":188},"19":{"loc":{"start":{"line":194,"column":19},"end":{"line":194,"column":37}},"type":"binary-expr","locations":[{"start":{"line":194,"column":19},"end":{"line":194,"column":24}},{"start":{"line":194,"column":28},"end":{"line":194,"column":37}}],"line":194},"20":{"loc":{"start":{"line":195,"column":27},"end":{"line":195,"column":47}},"type":"binary-expr","locations":[{"start":{"line":195,"column":27},"end":{"line":195,"column":34}},{"start":{"line":195,"column":38},"end":{"line":195,"column":47}}],"line":195},"21":{"loc":{"start":{"line":223,"column":4},"end":{"line":223,"column":29}},"type":"if","locations":[{"start":{"line":223,"column":4},"end":{"line":223,"column":29}},{"start":{},"end":{}}],"line":223},"22":{"loc":{"start":{"line":224,"column":4},"end":{"line":227,"column":5}},"type":"if","locations":[{"start":{"line":224,"column":4},"end":{"line":227,"column":5}},{"start":{},"end":{}}],"line":224},"23":{"loc":{"start":{"line":228,"column":4},"end":{"line":230,"column":5}},"type":"if","locations":[{"start":{"line":228,"column":4},"end":{"line":230,"column":5}},{"start":{},"end":{}}],"line":228},"24":{"loc":{"start":{"line":231,"column":30},"end":{"line":231,"column":57}},"type":"binary-expr","locations":[{"start":{"line":231,"column":31},"end":{"line":231,"column":47}},{"start":{"line":231,"column":52},"end":{"line":231,"column":57}}],"line":231}},"s":{"0":6,"1":6,"2":0,"3":6,"4":6,"5":0,"6":6,"7":6,"8":6,"9":6,"10":2,"11":2,"12":0,"13":4,"14":2,"15":2,"16":2,"17":2,"18":2,"19":2,"20":2,"21":2,"22":2,"23":0,"24":2,"25":2,"26":0,"27":2,"28":2,"29":1,"30":1,"31":4,"32":4,"33":2,"34":2,"35":2,"36":2,"37":1,"38":1,"39":1,"40":1,"41":1,"42":1,"43":1,"44":3,"45":3,"46":3,"47":2,"48":2,"49":3,"50":3,"51":3,"52":3,"53":0,"54":0,"55":0,"56":4,"57":4,"58":1,"59":3,"60":1,"61":1,"62":2,"63":0,"64":2,"65":1,"66":1,"67":0},"f":{"0":6,"1":6,"2":2,"3":4,"4":3,"5":0,"6":0,"7":0,"8":4,"9":0},"b":{"0":[6],"1":[0,6],"2":[6,0],"3":[0,6],"4":[6,1,5],"5":[2,0],"6":[2,2],"7":[2,0],"8":[2,0],"9":[2,0],"10":[2,0],"11":[2,0],"12":[0,2],"13":[2,2],"14":[1,1],"15":[2,1],"16":[1,0],"17":[2,1],"18":[3,1],"19":[2,0],"20":[2,1],"21":[1,3],"22":[1,2],"23":[0,2],"24":[2,0]},"_coverageSchema":"1a1c01bbd47fc00a2c39e90264f33305004495a9","hash":"02f2f46144761de6e2e2f0ef971d46ba732e9790"}
,"/home/helder/Desenvolvimento/app-zooloo/services/deviceSerial.ts": {"path":"/home/helder/Desenvolvimento/app-zooloo/services/deviceSerial.ts","statementMap":{"0":{"start":{"line":15,"column":2},"end":{"line":31,"column":3}},"1":{"start":{"line":16,"column":4},"end":{"line":21,"column":5}},"2":{"start":{"line":17,"column":24},"end":{"line":17,"column":50}},"3":{"start":{"line":18,"column":6},"end":{"line":20,"column":7}},"4":{"start":{"line":19,"column":8},"end":{"line":19,"column":32}},"5":{"start":{"line":23,"column":4},"end":{"line":28,"column":5}},"6":{"start":{"line":24,"column":20},"end":{"line":24,"column":62}},"7":{"start":{"line":25,"column":6},"end":{"line":27,"column":7}},"8":{"start":{"line":26,"column":8},"end":{"line":26,"column":28}},"9":{"start":{"line":33,"column":17},"end":{"line":33,"column":46}},"10":{"start":{"line":34,"column":2},"end":{"line":34,"column":28}},"11":{"start":{"line":34,"column":14},"end":{"line":34,"column":28}},"12":{"start":{"line":36,"column":20},"end":{"line":36,"column":44}},"13":{"start":{"line":37,"column":2},"end":{"line":37,"column":42}},"14":{"start":{"line":38,"column":2},"end":{"line":38,"column":19}},"15":{"start":{"line":43,"column":14},"end":{"line":46,"column":19}},"16":{"start":{"line":44,"column":4},"end":{"line":46,"column":19}},"17":{"start":{"line":47,"column":2},"end":{"line":47,"column":90}}},"fnMap":{"0":{"name":"getDeviceSerial","decl":{"start":{"line":14,"column":22},"end":{"line":14,"column":37}},"loc":{"start":{"line":14,"column":57},"end":{"line":39,"column":1}},"line":14},"1":{"name":"generateFallbackSerial","decl":{"start":{"line":41,"column":9},"end":{"line":41,"column":31}},"loc":{"start":{"line":41,"column":42},"end":{"line":48,"column":1}},"line":41},"2":{"name":"(anonymous_2)","decl":{"start":{"line":43,"column":14},"end":{"line":43,"column":15}},"loc":{"start":{"line":44,"column":4},"end":{"line":46,"column":19}},"line":44}},"branchMap":{"0":{"loc":{"start":{"line":16,"column":4},"end":{"line":21,"column":5}},"type":"if","locations":[{"start":{"line":16,"column":4},"end":{"line":21,"column":5}},{"start":{},"end":{}}],"line":16},"1":{"loc":{"start":{"line":18,"column":6},"end":{"line":20,"column":7}},"type":"if","locations":[{"start":{"line":18,"column":6},"end":{"line":20,"column":7}},{"start":{},"end":{}}],"line":18},"2":{"loc":{"start":{"line":18,"column":10},"end":{"line":18,"column":46}},"type":"binary-expr","locations":[{"start":{"line":18,"column":10},"end":{"line":18,"column":19}},{"start":{"line":18,"column":23},"end":{"line":18,"column":46}}],"line":18},"3":{"loc":{"start":{"line":23,"column":4},"end":{"line":28,"column":5}},"type":"if","locations":[{"start":{"line":23,"column":4},"end":{"line":28,"column":5}},{"start":{},"end":{}}],"line":23},"4":{"loc":{"start":{"line":25,"column":6},"end":{"line":27,"column":7}},"type":"if","locations":[{"start":{"line":25,"column":6},"end":{"line":27,"column":7}},{"start":{},"end":{}}],"line":25},"5":{"loc":{"start":{"line":25,"column":10},"end":{"line":25,"column":38}},"type":"binary-expr","locations":[{"start":{"line":25,"column":10},"end":{"line":25,"column":15}},{"start":{"line":25,"column":19},"end":{"line":25,"column":38}}],"line":25},"6":{"loc":{"start":{"line":34,"column":2},"end":{"line":34,"column":28}},"type":"if","locations":[{"start":{"line":34,"column":2},"end":{"line":34,"column":28}},{"start":{},"end":{}}],"line":34}},"s":{"0":4,"1":4,"2":1,"3":1,"4":1,"5":3,"6":1,"7":1,"8":1,"9":2,"10":2,"11":1,"12":1,"13":1,"14":1,"15":1,"16":7,"17":1},"f":{"0":4,"1":1,"2":7},"b":{"0":[1,3],"1":[1,0],"2":[1,1],"3":[1,2],"4":[1,0],"5":[1,1],"6":[1,1]},"_coverageSchema":"1a1c01bbd47fc00a2c39e90264f33305004495a9","hash":"aec9726bd627aa4fecbc6515672418a0fdbb6ff9"}
,"/home/helder/Desenvolvimento/app-zooloo/services/secureStorage.ts": {"path":"/home/helder/Desenvolvimento/app-zooloo/services/secureStorage.ts","statementMap":{"0":{"start":{"line":5,"column":18},"end":{"line":5,"column":37}},"1":{"start":{"line":6,"column":26},"end":{"line":6,"column":47}},"2":{"start":{"line":7,"column":17},"end":{"line":7,"column":35}},"3":{"start":{"line":8,"column":21},"end":{"line":8,"column":43}},"4":{"start":{"line":9,"column":26},"end":{"line":9,"column":48}},"5":{"start":{"line":10,"column":25},"end":{"line":10,"column":36}},"6":{"start":{"line":11,"column":24},"end":{"line":11,"column":34}},"7":{"start":{"line":13,"column":24},"end":{"line":13,"column":74}},"8":{"start":{"line":16,"column":2},"end":{"line":22,"column":3}},"9":{"start":{"line":17,"column":4},"end":{"line":19,"column":7}},"10":{"start":{"line":21,"column":4},"end":{"line":21,"column":43}},"11":{"start":{"line":26,"column":2},"end":{"line":28,"column":3}},"12":{"start":{"line":27,"column":4},"end":{"line":27,"column":41}},"13":{"start":{"line":29,"column":2},"end":{"line":29,"column":35}},"14":{"start":{"line":33,"column":2},"end":{"line":37,"column":3}},"15":{"start":{"line":34,"column":4},"end":{"line":34,"column":43}},"16":{"start":{"line":36,"column":4},"end":{"line":36,"column":39}},"17":{"start":{"line":41,"column":2},"end":{"line":41,"column":36}},"18":{"start":{"line":45,"column":14},"end":{"line":45,"column":40}},"19":{"start":{"line":46,"column":2},"end":{"line":46,"column":26}},"20":{"start":{"line":46,"column":13},"end":{"line":46,"column":26}},"21":{"start":{"line":47,"column":17},"end":{"line":47,"column":61}},"22":{"start":{"line":48,"column":2},"end":{"line":52,"column":3}},"23":{"start":{"line":49,"column":4},"end":{"line":49,"column":39}},"24":{"start":{"line":50,"column":4},"end":{"line":50,"column":52}},"25":{"start":{"line":51,"column":4},"end":{"line":51,"column":19}},"26":{"start":{"line":53,"column":2},"end":{"line":53,"column":15}},"27":{"start":{"line":57,"column":2},"end":{"line":57,"column":32}},"28":{"start":{"line":58,"column":2},"end":{"line":58,"column":50}},"29":{"start":{"line":62,"column":2},"end":{"line":62,"column":44}},"30":{"start":{"line":66,"column":2},"end":{"line":66,"column":38}},"31":{"start":{"line":70,"column":2},"end":{"line":70,"column":40}},"32":{"start":{"line":74,"column":2},"end":{"line":74,"column":61}},"33":{"start":{"line":79,"column":4},"end":{"line":80,"column":49}},"34":{"start":{"line":81,"column":2},"end":{"line":81,"column":24}},"35":{"start":{"line":81,"column":12},"end":{"line":81,"column":24}},"36":{"start":{"line":82,"column":2},"end":{"line":86,"column":3}},"37":{"start":{"line":83,"column":4},"end":{"line":83,"column":32}},"38":{"start":{"line":85,"column":4},"end":{"line":85,"column":16}},"39":{"start":{"line":90,"column":2},"end":{"line":90,"column":42}},"40":{"start":{"line":91,"column":2},"end":{"line":91,"column":49}},"41":{"start":{"line":102,"column":2},"end":{"line":102,"column":58}},"42":{"start":{"line":106,"column":14},"end":{"line":106,"column":43}},"43":{"start":{"line":107,"column":2},"end":{"line":107,"column":24}},"44":{"start":{"line":107,"column":12},"end":{"line":107,"column":24}},"45":{"start":{"line":108,"column":2},"end":{"line":112,"column":3}},"46":{"start":{"line":109,"column":4},"end":{"line":109,"column":45}},"47":{"start":{"line":111,"column":4},"end":{"line":111,"column":16}},"48":{"start":{"line":116,"column":2},"end":{"line":116,"column":35}},"49":{"start":{"line":121,"column":2},"end":{"line":121,"column":45}},"50":{"start":{"line":125,"column":2},"end":{"line":125,"column":38}}},"fnMap":{"0":{"name":"setSecure","decl":{"start":{"line":15,"column":15},"end":{"line":15,"column":24}},"loc":{"start":{"line":15,"column":68},"end":{"line":23,"column":1}},"line":15},"1":{"name":"getSecure","decl":{"start":{"line":25,"column":15},"end":{"line":25,"column":24}},"loc":{"start":{"line":25,"column":62},"end":{"line":30,"column":1}},"line":25},"2":{"name":"deleteSecure","decl":{"start":{"line":32,"column":15},"end":{"line":32,"column":27}},"loc":{"start":{"line":32,"column":56},"end":{"line":38,"column":1}},"line":32},"3":{"name":"saveToken","decl":{"start":{"line":40,"column":22},"end":{"line":40,"column":31}},"loc":{"start":{"line":40,"column":62},"end":{"line":42,"column":1}},"line":40},"4":{"name":"getToken","decl":{"start":{"line":44,"column":22},"end":{"line":44,"column":30}},"loc":{"start":{"line":44,"column":57},"end":{"line":54,"column":1}},"line":44},"5":{"name":"clearToken","decl":{"start":{"line":56,"column":22},"end":{"line":56,"column":32}},"loc":{"start":{"line":56,"column":50},"end":{"line":59,"column":1}},"line":56},"6":{"name":"saveRefreshToken","decl":{"start":{"line":61,"column":22},"end":{"line":61,"column":38}},"loc":{"start":{"line":61,"column":69},"end":{"line":63,"column":1}},"line":61},"7":{"name":"getRefreshToken","decl":{"start":{"line":65,"column":22},"end":{"line":65,"column":37}},"loc":{"start":{"line":65,"column":64},"end":{"line":67,"column":1}},"line":65},"8":{"name":"clearRefreshToken","decl":{"start":{"line":69,"column":22},"end":{"line":69,"column":39}},"loc":{"start":{"line":69,"column":57},"end":{"line":71,"column":1}},"line":69},"9":{"name":"saveUser","decl":{"start":{"line":73,"column":22},"end":{"line":73,"column":30}},"loc":{"start":{"line":73,"column":58},"end":{"line":75,"column":1}},"line":73},"10":{"name":"getUser","decl":{"start":{"line":77,"column":22},"end":{"line":77,"column":29}},"loc":{"start":{"line":77,"column":54},"end":{"line":87,"column":1}},"line":77},"11":{"name":"clearUser","decl":{"start":{"line":89,"column":22},"end":{"line":89,"column":31}},"loc":{"start":{"line":89,"column":49},"end":{"line":92,"column":1}},"line":89},"12":{"name":"saveTerminal","decl":{"start":{"line":101,"column":22},"end":{"line":101,"column":34}},"loc":{"start":{"line":101,"column":76},"end":{"line":103,"column":1}},"line":101},"13":{"name":"getTerminal","decl":{"start":{"line":105,"column":22},"end":{"line":105,"column":33}},"loc":{"start":{"line":105,"column":68},"end":{"line":113,"column":1}},"line":105},"14":{"name":"clearTerminal","decl":{"start":{"line":115,"column":22},"end":{"line":115,"column":35}},"loc":{"start":{"line":115,"column":53},"end":{"line":117,"column":1}},"line":115},"15":{"name":"saveDeviceSerialStored","decl":{"start":{"line":120,"column":22},"end":{"line":120,"column":44}},"loc":{"start":{"line":120,"column":76},"end":{"line":122,"column":1}},"line":120},"16":{"name":"getDeviceSerialStored","decl":{"start":{"line":124,"column":22},"end":{"line":124,"column":43}},"loc":{"start":{"line":124,"column":70},"end":{"line":126,"column":1}},"line":124}},"branchMap":{"0":{"loc":{"start":{"line":13,"column":24},"end":{"line":13,"column":74}},"type":"binary-expr","locations":[{"start":{"line":13,"column":24},"end":{"line":13,"column":45}},{"start":{"line":13,"column":49},"end":{"line":13,"column":74}}],"line":13},"1":{"loc":{"start":{"line":16,"column":2},"end":{"line":22,"column":3}},"type":"if","locations":[{"start":{"line":16,"column":2},"end":{"line":22,"column":3}},{"start":{"line":20,"column":9},"end":{"line":22,"column":3}}],"line":16},"2":{"loc":{"start":{"line":26,"column":2},"end":{"line":28,"column":3}},"type":"if","locations":[{"start":{"line":26,"column":2},"end":{"line":28,"column":3}},{"start":{},"end":{}}],"line":26},"3":{"loc":{"start":{"line":33,"column":2},"end":{"line":37,"column":3}},"type":"if","locations":[{"start":{"line":33,"column":2},"end":{"line":37,"column":3}},{"start":{"line":35,"column":9},"end":{"line":37,"column":3}}],"line":33},"4":{"loc":{"start":{"line":46,"column":2},"end":{"line":46,"column":26}},"type":"if","locations":[{"start":{"line":46,"column":2},"end":{"line":46,"column":26}},{"start":{},"end":{}}],"line":46},"5":{"loc":{"start":{"line":48,"column":2},"end":{"line":52,"column":3}},"type":"if","locations":[{"start":{"line":48,"column":2},"end":{"line":52,"column":3}},{"start":{},"end":{}}],"line":48},"6":{"loc":{"start":{"line":79,"column":4},"end":{"line":80,"column":49}},"type":"binary-expr","locations":[{"start":{"line":79,"column":5},"end":{"line":79,"column":41}},{"start":{"line":80,"column":5},"end":{"line":80,"column":48}}],"line":79},"7":{"loc":{"start":{"line":81,"column":2},"end":{"line":81,"column":24}},"type":"if","locations":[{"start":{"line":81,"column":2},"end":{"line":81,"column":24}},{"start":{},"end":{}}],"line":81},"8":{"loc":{"start":{"line":107,"column":2},"end":{"line":107,"column":24}},"type":"if","locations":[{"start":{"line":107,"column":2},"end":{"line":107,"column":24}},{"start":{},"end":{}}],"line":107}},"s":{"0":4,"1":4,"2":4,"3":4,"4":4,"5":4,"6":4,"7":4,"8":33,"9":33,"10":0,"11":48,"12":48,"13":0,"14":76,"15":76,"16":0,"17":19,"18":30,"19":30,"20":20,"21":10,"22":10,"23":1,"24":1,"25":1,"26":10,"27":35,"28":35,"29":8,"30":13,"31":21,"32":4,"33":7,"34":7,"35":3,"36":4,"37":4,"38":1,"39":20,"40":20,"41":5,"42":5,"43":5,"44":3,"45":2,"46":2,"47":0,"48":20,"49":0,"50":0},"f":{"0":33,"1":48,"2":76,"3":19,"4":30,"5":35,"6":8,"7":13,"8":21,"9":4,"10":7,"11":20,"12":5,"13":5,"14":20,"15":0,"16":0},"b":{"0":[4,0],"1":[33,0],"2":[48,0],"3":[76,0],"4":[20,10],"5":[1,9],"6":[7,4],"7":[3,4],"8":[3,2]},"_coverageSchema":"1a1c01bbd47fc00a2c39e90264f33305004495a9","hash":"a439b4e87212544de9c62436c4682078178abd56"}
}
