{"C:\\desenvolvimento\\app-zooloo\\app\\login.tsx": {"path":"C:\\desenvolvimento\\app-zooloo\\app\\login.tsx","statementMap":{"0":{"start":{"line":17,"column":38},"end":{"line":17,"column":50}},"1":{"start":{"line":18,"column":34},"end":{"line":18,"column":46}},"2":{"start":{"line":19,"column":42},"end":{"line":19,"column":57}},"3":{"start":{"line":20,"column":20},"end":{"line":20,"column":29}},"4":{"start":{"line":24,"column":22},"end":{"line":38,"column":3}},"5":{"start":{"line":25,"column":4},"end":{"line":28,"column":5}},"6":{"start":{"line":26,"column":6},"end":{"line":26,"column":65}},"7":{"start":{"line":27,"column":6},"end":{"line":27,"column":13}},"8":{"start":{"line":29,"column":4},"end":{"line":29,"column":26}},"9":{"start":{"line":30,"column":4},"end":{"line":37,"column":5}},"10":{"start":{"line":31,"column":6},"end":{"line":31,"column":75}},"11":{"start":{"line":34,"column":6},"end":{"line":34,"column":97}},"12":{"start":{"line":36,"column":6},"end":{"line":36,"column":29}},"13":{"start":{"line":42,"column":2},"end":{"line":119,"column":4}}},"fnMap":{"0":{"name":"LoginScreen","decl":{"start":{"line":16,"column":24},"end":{"line":16,"column":35}},"loc":{"start":{"line":16,"column":38},"end":{"line":120,"column":1}},"line":16},"1":{"name":"(anonymous_1)","decl":{"start":{"line":24,"column":22},"end":{"line":24,"column":23}},"loc":{"start":{"line":24,"column":34},"end":{"line":38,"column":3}},"line":24}},"branchMap":{"0":{"loc":{"start":{"line":25,"column":4},"end":{"line":28,"column":5}},"type":"if","locations":[{"start":{"line":25,"column":4},"end":{"line":28,"column":5}},{"start":{},"end":{}}],"line":25},"1":{"loc":{"start":{"line":25,"column":8},"end":{"line":25,"column":46}},"type":"binary-expr","locations":[{"start":{"line":25,"column":8},"end":{"line":25,"column":26}},{"start":{"line":25,"column":30},"end":{"line":25,"column":46}}],"line":25},"2":{"loc":{"start":{"line":34,"column":35},"end":{"line":34,"column":95}},"type":"cond-expr","locations":[{"start":{"line":34,"column":60},"end":{"line":34,"column":73}},{"start":{"line":34,"column":76},"end":{"line":34,"column":95}}],"line":34},"3":{"loc":{"start":{"line":44,"column":16},"end":{"line":44,"column":60}},"type":"cond-expr","locations":[{"start":{"line":44,"column":40},"end":{"line":44,"column":49}},{"start":{"line":44,"column":52},"end":{"line":44,"column":60}}],"line":44},"4":{"loc":{"start":{"line":95,"column":16},"end":{"line":97,"column":54}},"type":"cond-expr","locations":[{"start":{"line":96,"column":20},"end":{"line":96,"column":33}},{"start":{"line":97,"column":20},"end":{"line":97,"column":54}}],"line":95},"5":{"loc":{"start":{"line":102,"column":15},"end":{"line":113,"column":15}},"type":"cond-expr","locations":[{"start":{"line":103,"column":16},"end":{"line":108,"column":23}},{"start":{"line":110,"column":16},"end":{"line":112,"column":23}}],"line":102}},"s":{"0":12,"1":12,"2":12,"3":12,"4":12,"5":3,"6":1,"7":1,"8":2,"9":2,"10":2,"11":1,"12":2,"13":12},"f":{"0":12,"1":3},"b":{"0":[1,2],"1":[3,2],"2":[1,0],"3":[12,0],"4":[2,10],"5":[2,10]},"_coverageSchema":"1a1c01bbd47fc00a2c39e90264f33305004495a9","hash":"6928292f8d7941d365be66ab15387b46b02d9c44"}
,"C:\\desenvolvimento\\app-zooloo\\context\\AuthContext.tsx": {"path":"C:\\desenvolvimento\\app-zooloo\\context\\AuthContext.tsx","statementMap":{"0":{"start":{"line":14,"column":20},"end":{"line":14,"column":73}},"1":{"start":{"line":16,"column":63},"end":{"line":72,"column":1}},"2":{"start":{"line":17,"column":48},"end":{"line":17,"column":72}},"3":{"start":{"line":18,"column":26},"end":{"line":18,"column":53}},"4":{"start":{"line":19,"column":36},"end":{"line":19,"column":59}},"5":{"start":{"line":21,"column":26},"end":{"line":33,"column":8}},"6":{"start":{"line":22,"column":4},"end":{"line":32,"column":5}},"7":{"start":{"line":23,"column":6},"end":{"line":23,"column":25}},"8":{"start":{"line":24,"column":28},"end":{"line":24,"column":63}},"9":{"start":{"line":25,"column":6},"end":{"line":25,"column":40}},"10":{"start":{"line":26,"column":6},"end":{"line":26,"column":72}},"11":{"start":{"line":28,"column":6},"end":{"line":28,"column":32}},"12":{"start":{"line":29,"column":6},"end":{"line":29,"column":20}},"13":{"start":{"line":31,"column":6},"end":{"line":31,"column":26}},"14":{"start":{"line":35,"column":2},"end":{"line":37,"column":24}},"15":{"start":{"line":36,"column":4},"end":{"line":36,"column":22}},"16":{"start":{"line":39,"column":16},"end":{"line":52,"column":8}},"17":{"start":{"line":40,"column":4},"end":{"line":51,"column":5}},"18":{"start":{"line":41,"column":23},"end":{"line":41,"column":59}},"19":{"start":{"line":42,"column":6},"end":{"line":44,"column":7}},"20":{"start":{"line":43,"column":8},"end":{"line":43,"column":69}},"21":{"start":{"line":45,"column":6},"end":{"line":45,"column":31}},"22":{"start":{"line":46,"column":6},"end":{"line":46,"column":29}},"23":{"start":{"line":48,"column":6},"end":{"line":48,"column":32}},"24":{"start":{"line":49,"column":6},"end":{"line":49,"column":20}},"25":{"start":{"line":50,"column":6},"end":{"line":50,"column":18}},"26":{"start":{"line":54,"column":17},"end":{"line":63,"column":8}},"27":{"start":{"line":55,"column":4},"end":{"line":62,"column":5}},"28":{"start":{"line":56,"column":6},"end":{"line":56,"column":33}},"29":{"start":{"line":60,"column":6},"end":{"line":60,"column":32}},"30":{"start":{"line":61,"column":6},"end":{"line":61,"column":20}},"31":{"start":{"line":65,"column":2},"end":{"line":71,"column":4}},"32":{"start":{"line":74,"column":23},"end":{"line":80,"column":1}},"33":{"start":{"line":75,"column":18},"end":{"line":75,"column":41}},"34":{"start":{"line":76,"column":2},"end":{"line":78,"column":3}},"35":{"start":{"line":77,"column":4},"end":{"line":77,"column":72}},"36":{"start":{"line":79,"column":2},"end":{"line":79,"column":17}}},"fnMap":{"0":{"name":"(anonymous_0)","decl":{"start":{"line":16,"column":63},"end":{"line":16,"column":64}},"loc":{"start":{"line":16,"column":81},"end":{"line":72,"column":1}},"line":16},"1":{"name":"(anonymous_1)","decl":{"start":{"line":21,"column":38},"end":{"line":21,"column":39}},"loc":{"start":{"line":21,"column":50},"end":{"line":33,"column":3}},"line":21},"2":{"name":"(anonymous_2)","decl":{"start":{"line":35,"column":12},"end":{"line":35,"column":13}},"loc":{"start":{"line":35,"column":18},"end":{"line":37,"column":3}},"line":35},"3":{"name":"(anonymous_3)","decl":{"start":{"line":39,"column":28},"end":{"line":39,"column":29}},"loc":{"start":{"line":39,"column":88},"end":{"line":52,"column":3}},"line":39},"4":{"name":"(anonymous_4)","decl":{"start":{"line":54,"column":29},"end":{"line":54,"column":30}},"loc":{"start":{"line":54,"column":41},"end":{"line":63,"column":3}},"line":54},"5":{"name":"(anonymous_5)","decl":{"start":{"line":74,"column":23},"end":{"line":74,"column":24}},"loc":{"start":{"line":74,"column":46},"end":{"line":80,"column":1}},"line":74}},"branchMap":{"0":{"loc":{"start":{"line":26,"column":14},"end":{"line":26,"column":70}},"type":"cond-expr","locations":[{"start":{"line":26,"column":30},"end":{"line":26,"column":63}},{"start":{"line":26,"column":66},"end":{"line":26,"column":70}}],"line":26},"1":{"loc":{"start":{"line":42,"column":6},"end":{"line":44,"column":7}},"type":"if","locations":[{"start":{"line":42,"column":6},"end":{"line":44,"column":7}},{"start":{},"end":{}}],"line":42},"2":{"loc":{"start":{"line":42,"column":10},"end":{"line":42,"column":45}},"type":"binary-expr","locations":[{"start":{"line":42,"column":10},"end":{"line":42,"column":27}},{"start":{"line":42,"column":31},"end":{"line":42,"column":45}}],"line":42},"3":{"loc":{"start":{"line":43,"column":24},"end":{"line":43,"column":67}},"type":"binary-expr","locations":[{"start":{"line":43,"column":24},"end":{"line":43,"column":40}},{"start":{"line":43,"column":44},"end":{"line":43,"column":67}}],"line":43},"4":{"loc":{"start":{"line":76,"column":2},"end":{"line":78,"column":3}},"type":"if","locations":[{"start":{"line":76,"column":2},"end":{"line":78,"column":3}},{"start":{},"end":{}}],"line":76}},"s":{"0":1,"1":1,"2":12,"3":12,"4":12,"5":12,"6":5,"7":5,"8":5,"9":5,"10":5,"11":0,"12":0,"13":5,"14":12,"15":5,"16":12,"17":2,"18":2,"19":1,"20":0,"21":1,"22":1,"23":1,"24":1,"25":1,"26":12,"27":1,"28":1,"29":1,"30":1,"31":12,"32":1,"33":14,"34":14,"35":2,"36":12},"f":{"0":12,"1":5,"2":5,"3":2,"4":1,"5":14},"b":{"0":[2,3],"1":[0,1],"2":[1,1],"3":[0,0],"4":[2,12]},"_coverageSchema":"1a1c01bbd47fc00a2c39e90264f33305004495a9","hash":"3063fea379c0aa8e5ef2e2cbaa88a7b7c18448c9"}
,"C:\\desenvolvimento\\app-zooloo\\services\\apiClient.ts": {"path":"C:\\desenvolvimento\\app-zooloo\\services\\apiClient.ts","statementMap":{"0":{"start":{"line":15,"column":4},"end":{"line":15,"column":19}},"1":{"start":{"line":16,"column":4},"end":{"line":16,"column":27}},"2":{"start":{"line":26,"column":17},"end":{"line":26,"column":98}},"3":{"start":{"line":27,"column":2},"end":{"line":27,"column":54}},"4":{"start":{"line":27,"column":34},"end":{"line":27,"column":54}},"5":{"start":{"line":28,"column":21},"end":{"line":28,"column":38}},"6":{"start":{"line":29,"column":2},"end":{"line":29,"column":58}},"7":{"start":{"line":33,"column":2},"end":{"line":39,"column":3}},"8":{"start":{"line":34,"column":18},"end":{"line":34,"column":34}},"9":{"start":{"line":35,"column":4},"end":{"line":35,"column":40}},"10":{"start":{"line":35,"column":28},"end":{"line":35,"column":40}},"11":{"start":{"line":36,"column":4},"end":{"line":36,"column":63}},"12":{"start":{"line":38,"column":4},"end":{"line":38,"column":16}},"13":{"start":{"line":43,"column":12},"end":{"line":43,"column":28}},"14":{"start":{"line":44,"column":2},"end":{"line":44,"column":22}},"15":{"start":{"line":44,"column":10},"end":{"line":44,"column":22}},"16":{"start":{"line":45,"column":14},"end":{"line":45,"column":56}},"17":{"start":{"line":46,"column":2},"end":{"line":46,"column":24}},"18":{"start":{"line":46,"column":12},"end":{"line":46,"column":24}},"19":{"start":{"line":47,"column":2},"end":{"line":47,"column":59}},"20":{"start":{"line":51,"column":21},"end":{"line":51,"column":42}},"21":{"start":{"line":52,"column":16},"end":{"line":52,"column":63}},"22":{"start":{"line":52,"column":33},"end":{"line":52,"column":51}},"23":{"start":{"line":53,"column":2},"end":{"line":57,"column":3}},"24":{"start":{"line":54,"column":4},"end":{"line":54,"column":68}},"25":{"start":{"line":56,"column":4},"end":{"line":56,"column":24}},"26":{"start":{"line":64,"column":53},"end":{"line":64,"column":57}},"27":{"start":{"line":66,"column":34},"end":{"line":66,"column":38}},"28":{"start":{"line":73,"column":2},"end":{"line":73,"column":17}},"29":{"start":{"line":77,"column":2},"end":{"line":77,"column":30}},"30":{"start":{"line":77,"column":18},"end":{"line":77,"column":30}},"31":{"start":{"line":78,"column":2},"end":{"line":82,"column":3}},"32":{"start":{"line":79,"column":4},"end":{"line":81,"column":7}},"33":{"start":{"line":80,"column":6},"end":{"line":80,"column":29}},"34":{"start":{"line":83,"column":2},"end":{"line":83,"column":25}},"35":{"start":{"line":104,"column":29},"end":{"line":104,"column":33}},"36":{"start":{"line":106,"column":2},"end":{"line":112,"column":3}},"37":{"start":{"line":107,"column":4},"end":{"line":107,"column":29}},"38":{"start":{"line":108,"column":4},"end":{"line":111,"column":5}},"39":{"start":{"line":109,"column":24},"end":{"line":109,"column":46}},"40":{"start":{"line":110,"column":6},"end":{"line":110,"column":39}},"41":{"start":{"line":110,"column":21},"end":{"line":110,"column":39}},"42":{"start":{"line":114,"column":42},"end":{"line":117,"column":3}},"43":{"start":{"line":118,"column":2},"end":{"line":118,"column":55}},"44":{"start":{"line":118,"column":13},"end":{"line":118,"column":55}},"45":{"start":{"line":121,"column":2},"end":{"line":132,"column":3}},"46":{"start":{"line":122,"column":4},"end":{"line":126,"column":23}},"47":{"start":{"line":128,"column":4},"end":{"line":130,"column":5}},"48":{"start":{"line":129,"column":6},"end":{"line":129,"column":58}},"49":{"start":{"line":131,"column":4},"end":{"line":131,"column":68}},"50":{"start":{"line":135,"column":2},"end":{"line":140,"column":3}},"51":{"start":{"line":136,"column":22},"end":{"line":136,"column":44}},"52":{"start":{"line":137,"column":4},"end":{"line":139,"column":5}},"53":{"start":{"line":138,"column":6},"end":{"line":138,"column":60}},"54":{"start":{"line":143,"column":2},"end":{"line":147,"column":3}},"55":{"start":{"line":144,"column":4},"end":{"line":144,"column":52}},"56":{"start":{"line":146,"column":4},"end":{"line":146,"column":77}},"57":{"start":{"line":149,"column":2},"end":{"line":155,"column":3}},"58":{"start":{"line":150,"column":4},"end":{"line":154,"column":6}},"59":{"start":{"line":157,"column":2},"end":{"line":157,"column":28}}},"fnMap":{"0":{"name":"(anonymous_0)","decl":{"start":{"line":10,"column":2},"end":{"line":10,"column":3}},"loc":{"start":{"line":14,"column":4},"end":{"line":17,"column":3}},"line":14},"1":{"name":"base64UrlDecode","decl":{"start":{"line":25,"column":9},"end":{"line":25,"column":24}},"loc":{"start":{"line":25,"column":48},"end":{"line":30,"column":1}},"line":25},"2":{"name":"decodeJwt","decl":{"start":{"line":32,"column":16},"end":{"line":32,"column":25}},"loc":{"start":{"line":32,"column":60},"end":{"line":40,"column":1}},"line":32},"3":{"name":"isTokenExpiringSoon","decl":{"start":{"line":42,"column":16},"end":{"line":42,"column":35}},"loc":{"start":{"line":42,"column":78},"end":{"line":48,"column":1}},"line":42},"4":{"name":"timedFetch","decl":{"start":{"line":50,"column":15},"end":{"line":50,"column":25}},"loc":{"start":{"line":50,"column":90},"end":{"line":58,"column":1}},"line":50},"5":{"name":"(anonymous_5)","decl":{"start":{"line":52,"column":27},"end":{"line":52,"column":28}},"loc":{"start":{"line":52,"column":33},"end":{"line":52,"column":51}},"line":52},"6":{"name":"setRefreshHandler","decl":{"start":{"line":72,"column":16},"end":{"line":72,"column":33}},"loc":{"start":{"line":72,"column":49},"end":{"line":74,"column":1}},"line":72},"7":{"name":"performRefresh","decl":{"start":{"line":76,"column":15},"end":{"line":76,"column":29}},"loc":{"start":{"line":76,"column":56},"end":{"line":84,"column":1}},"line":76},"8":{"name":"(anonymous_8)","decl":{"start":{"line":79,"column":42},"end":{"line":79,"column":43}},"loc":{"start":{"line":79,"column":48},"end":{"line":81,"column":5}},"line":79},"9":{"name":"apiCall","decl":{"start":{"line":100,"column":22},"end":{"line":100,"column":29}},"loc":{"start":{"line":103,"column":14},"end":{"line":158,"column":1}},"line":103}},"branchMap":{"0":{"loc":{"start":{"line":27,"column":2},"end":{"line":27,"column":54}},"type":"if","locations":[{"start":{"line":27,"column":2},"end":{"line":27,"column":54}},{"start":{},"end":{}}],"line":27},"1":{"loc":{"start":{"line":35,"column":4},"end":{"line":35,"column":40}},"type":"if","locations":[{"start":{"line":35,"column":4},"end":{"line":35,"column":40}},{"start":{},"end":{}}],"line":35},"2":{"loc":{"start":{"line":42,"column":51},"end":{"line":42,"column":67}},"type":"default-arg","locations":[{"start":{"line":42,"column":65},"end":{"line":42,"column":67}}],"line":42},"3":{"loc":{"start":{"line":44,"column":2},"end":{"line":44,"column":22}},"type":"if","locations":[{"start":{"line":44,"column":2},"end":{"line":44,"column":22}},{"start":{},"end":{}}],"line":44},"4":{"loc":{"start":{"line":45,"column":15},"end":{"line":45,"column":33}},"type":"binary-expr","locations":[{"start":{"line":45,"column":15},"end":{"line":45,"column":20}},{"start":{"line":45,"column":24},"end":{"line":45,"column":33}}],"line":45},"5":{"loc":{"start":{"line":46,"column":2},"end":{"line":46,"column":24}},"type":"if","locations":[{"start":{"line":46,"column":2},"end":{"line":46,"column":24}},{"start":{},"end":{}}],"line":46},"6":{"loc":{"start":{"line":50,"column":58},"end":{"line":50,"column":88}},"type":"default-arg","locations":[{"start":{"line":50,"column":70},"end":{"line":50,"column":88}}],"line":50},"7":{"loc":{"start":{"line":77,"column":2},"end":{"line":77,"column":30}},"type":"if","locations":[{"start":{"line":77,"column":2},"end":{"line":77,"column":30}},{"start":{},"end":{}}],"line":77},"8":{"loc":{"start":{"line":78,"column":2},"end":{"line":82,"column":3}},"type":"if","locations":[{"start":{"line":78,"column":2},"end":{"line":82,"column":3}},{"start":{},"end":{}}],"line":78},"9":{"loc":{"start":{"line":102,"column":2},"end":{"line":102,"column":24}},"type":"default-arg","locations":[{"start":{"line":102,"column":22},"end":{"line":102,"column":24}}],"line":102},"10":{"loc":{"start":{"line":106,"column":2},"end":{"line":112,"column":3}},"type":"if","locations":[{"start":{"line":106,"column":2},"end":{"line":112,"column":3}},{"start":{},"end":{}}],"line":106},"11":{"loc":{"start":{"line":108,"column":4},"end":{"line":111,"column":5}},"type":"if","locations":[{"start":{"line":108,"column":4},"end":{"line":111,"column":5}},{"start":{},"end":{}}],"line":108},"12":{"loc":{"start":{"line":108,"column":8},"end":{"line":108,"column":43}},"type":"binary-expr","locations":[{"start":{"line":108,"column":8},"end":{"line":108,"column":13}},{"start":{"line":108,"column":17},"end":{"line":108,"column":43}}],"line":108},"13":{"loc":{"start":{"line":110,"column":6},"end":{"line":110,"column":39}},"type":"if","locations":[{"start":{"line":110,"column":6},"end":{"line":110,"column":39}},{"start":{},"end":{}}],"line":110},"14":{"loc":{"start":{"line":118,"column":2},"end":{"line":118,"column":55}},"type":"if","locations":[{"start":{"line":118,"column":2},"end":{"line":118,"column":55}},{"start":{},"end":{}}],"line":118},"15":{"loc":{"start":{"line":128,"column":4},"end":{"line":130,"column":5}},"type":"if","locations":[{"start":{"line":128,"column":4},"end":{"line":130,"column":5}},{"start":{},"end":{}}],"line":128},"16":{"loc":{"start":{"line":128,"column":8},"end":{"line":128,"column":53}},"type":"binary-expr","locations":[{"start":{"line":128,"column":8},"end":{"line":128,"column":26}},{"start":{"line":128,"column":30},"end":{"line":128,"column":53}}],"line":128},"17":{"loc":{"start":{"line":135,"column":2},"end":{"line":140,"column":3}},"type":"if","locations":[{"start":{"line":135,"column":2},"end":{"line":140,"column":3}},{"start":{},"end":{}}],"line":135},"18":{"loc":{"start":{"line":135,"column":6},"end":{"line":135,"column":61}},"type":"binary-expr","locations":[{"start":{"line":135,"column":6},"end":{"line":135,"column":24}},{"start":{"line":135,"column":28},"end":{"line":135,"column":42}},{"start":{"line":135,"column":46},"end":{"line":135,"column":61}}],"line":135},"19":{"loc":{"start":{"line":137,"column":4},"end":{"line":139,"column":5}},"type":"if","locations":[{"start":{"line":137,"column":4},"end":{"line":139,"column":5}},{"start":{},"end":{}}],"line":137},"20":{"loc":{"start":{"line":149,"column":2},"end":{"line":155,"column":3}},"type":"if","locations":[{"start":{"line":149,"column":2},"end":{"line":155,"column":3}},{"start":{},"end":{}}],"line":149},"21":{"loc":{"start":{"line":152,"column":6},"end":{"line":152,"column":78}},"type":"cond-expr","locations":[{"start":{"line":152,"column":42},"end":{"line":152,"column":55}},{"start":{"line":152,"column":58},"end":{"line":152,"column":78}}],"line":152}},"s":{"0":8,"1":8,"2":19,"3":19,"4":19,"5":0,"6":0,"7":20,"8":20,"9":20,"10":1,"11":19,"12":0,"13":12,"14":12,"15":0,"16":12,"17":12,"18":0,"19":12,"20":22,"21":22,"22":0,"23":22,"24":22,"25":22,"26":2,"27":2,"28":20,"29":6,"30":0,"31":6,"32":4,"33":4,"34":6,"35":22,"36":22,"37":8,"38":8,"39":4,"40":4,"41":4,"42":22,"43":22,"44":8,"45":22,"46":22,"47":4,"48":1,"49":3,"50":18,"51":2,"52":2,"53":1,"54":17,"55":17,"56":0,"57":17,"58":3,"59":14},"f":{"0":8,"1":19,"2":20,"3":12,"4":22,"5":0,"6":20,"7":6,"8":4,"9":22},"b":{"0":[19,0],"1":[1,19],"2":[12],"3":[0,12],"4":[12,0],"5":[0,12],"6":[22],"7":[0,6],"8":[4,2],"9":[7],"10":[8,14],"11":[4,4],"12":[8,8],"13":[4,0],"14":[8,14],"15":[1,3],"16":[4,4],"17":[2,16],"18":[18,2,2],"19":[1,1],"20":[3,14],"21":[3,0]},"_coverageSchema":"1a1c01bbd47fc00a2c39e90264f33305004495a9","hash":"2cb7e9483adc890ee8ce2a0b15505e4db22212de"}
,"C:\\desenvolvimento\\app-zooloo\\services\\apiConfig.ts": {"path":"C:\\desenvolvimento\\app-zooloo\\services\\apiConfig.ts","statementMap":{"0":{"start":{"line":4,"column":34},"end":{"line":4,"column":40}},"1":{"start":{"line":12,"column":2},"end":{"line":12,"column":54}},"2":{"start":{"line":16,"column":18},"end":{"line":16,"column":53}},"3":{"start":{"line":17,"column":15},"end":{"line":17,"column":51}},"4":{"start":{"line":18,"column":2},"end":{"line":18,"column":24}},"5":{"start":{"line":18,"column":12},"end":{"line":18,"column":24}},"6":{"start":{"line":19,"column":2},"end":{"line":19,"column":62}},"7":{"start":{"line":23,"column":16},"end":{"line":23,"column":26}},"8":{"start":{"line":24,"column":19},"end":{"line":24,"column":43}},"9":{"start":{"line":27,"column":2},"end":{"line":32,"column":3}},"10":{"start":{"line":28,"column":4},"end":{"line":28,"column":57}},"11":{"start":{"line":30,"column":17},"end":{"line":30,"column":33}},"12":{"start":{"line":31,"column":4},"end":{"line":31,"column":40}},"13":{"start":{"line":34,"column":2},"end":{"line":39,"column":3}},"14":{"start":{"line":35,"column":4},"end":{"line":38,"column":6}},"15":{"start":{"line":41,"column":2},"end":{"line":41,"column":17}}},"fnMap":{"0":{"name":"getExtra","decl":{"start":{"line":11,"column":9},"end":{"line":11,"column":17}},"loc":{"start":{"line":11,"column":27},"end":{"line":13,"column":1}},"line":11},"1":{"name":"resolveDevHost","decl":{"start":{"line":15,"column":9},"end":{"line":15,"column":23}},"loc":{"start":{"line":15,"column":34},"end":{"line":20,"column":1}},"line":15},"2":{"name":"getApiBaseUrl","decl":{"start":{"line":22,"column":16},"end":{"line":22,"column":29}},"loc":{"start":{"line":22,"column":40},"end":{"line":42,"column":1}},"line":22}},"branchMap":{"0":{"loc":{"start":{"line":12,"column":10},"end":{"line":12,"column":43}},"type":"binary-expr","locations":[{"start":{"line":12,"column":10},"end":{"line":12,"column":37}},{"start":{"line":12,"column":41},"end":{"line":12,"column":43}}],"line":12},"1":{"loc":{"start":{"line":16,"column":18},"end":{"line":16,"column":53}},"type":"binary-expr","locations":[{"start":{"line":16,"column":18},"end":{"line":16,"column":47}},{"start":{"line":16,"column":51},"end":{"line":16,"column":53}}],"line":16},"2":{"loc":{"start":{"line":17,"column":15},"end":{"line":17,"column":51}},"type":"cond-expr","locations":[{"start":{"line":17,"column":25},"end":{"line":17,"column":46}},{"start":{"line":17,"column":49},"end":{"line":17,"column":51}}],"line":17},"3":{"loc":{"start":{"line":18,"column":2},"end":{"line":18,"column":24}},"type":"if","locations":[{"start":{"line":18,"column":2},"end":{"line":18,"column":24}},{"start":{},"end":{}}],"line":18},"4":{"loc":{"start":{"line":19,"column":9},"end":{"line":19,"column":61}},"type":"cond-expr","locations":[{"start":{"line":19,"column":37},"end":{"line":19,"column":47}},{"start":{"line":19,"column":50},"end":{"line":19,"column":61}}],"line":19},"5":{"loc":{"start":{"line":27,"column":2},"end":{"line":32,"column":3}},"type":"if","locations":[{"start":{"line":27,"column":2},"end":{"line":32,"column":3}},{"start":{"line":29,"column":9},"end":{"line":32,"column":3}}],"line":27},"6":{"loc":{"start":{"line":34,"column":2},"end":{"line":39,"column":3}},"type":"if","locations":[{"start":{"line":34,"column":2},"end":{"line":39,"column":3}},{"start":{},"end":{}}],"line":34},"7":{"loc":{"start":{"line":34,"column":6},"end":{"line":34,"column":75}},"type":"binary-expr","locations":[{"start":{"line":34,"column":6},"end":{"line":34,"column":14}},{"start":{"line":34,"column":18},"end":{"line":34,"column":47}},{"start":{"line":34,"column":51},"end":{"line":34,"column":75}}],"line":34}},"s":{"0":3,"1":28,"2":23,"3":23,"4":23,"5":23,"6":0,"7":28,"8":28,"9":28,"10":5,"11":23,"12":23,"13":28,"14":1,"15":27},"f":{"0":28,"1":23,"2":28},"b":{"0":[28,0],"1":[23,0],"2":[23,0],"3":[23,0],"4":[0,0],"5":[5,23],"6":[1,27],"7":[28,3,2]},"_coverageSchema":"1a1c01bbd47fc00a2c39e90264f33305004495a9","hash":"80dd6330dad714f671678c3aec572e2c1354ffeb"}
,"C:\\desenvolvimento\\app-zooloo\\services\\auth.ts": {"path":"C:\\desenvolvimento\\app-zooloo\\services\\auth.ts","statementMap":{"0":{"start":{"line":71,"column":12},"end":{"line":71,"column":28}},"1":{"start":{"line":72,"column":2},"end":{"line":72,"column":22}},"2":{"start":{"line":72,"column":10},"end":{"line":72,"column":22}},"3":{"start":{"line":73,"column":14},"end":{"line":73,"column":56}},"4":{"start":{"line":74,"column":2},"end":{"line":74,"column":24}},"5":{"start":{"line":74,"column":12},"end":{"line":74,"column":24}},"6":{"start":{"line":75,"column":2},"end":{"line":75,"column":59}},"7":{"start":{"line":81,"column":4},"end":{"line":96,"column":5}},"8":{"start":{"line":82,"column":6},"end":{"line":92,"column":8}},"9":{"start":{"line":94,"column":6},"end":{"line":94,"column":60}},"10":{"start":{"line":94,"column":33},"end":{"line":94,"column":60}},"11":{"start":{"line":95,"column":6},"end":{"line":95,"column":56}},"12":{"start":{"line":98,"column":4},"end":{"line":102,"column":5}},"13":{"start":{"line":99,"column":6},"end":{"line":101,"column":8}},"14":{"start":{"line":104,"column":4},"end":{"line":104,"column":54}},"15":{"start":{"line":104,"column":23},"end":{"line":104,"column":54}},"16":{"start":{"line":105,"column":4},"end":{"line":105,"column":77}},"17":{"start":{"line":105,"column":31},"end":{"line":105,"column":77}},"18":{"start":{"line":106,"column":4},"end":{"line":106,"column":51}},"19":{"start":{"line":106,"column":22},"end":{"line":106,"column":51}},"20":{"start":{"line":107,"column":4},"end":{"line":107,"column":19}},"21":{"start":{"line":111,"column":4},"end":{"line":111,"column":42}},"22":{"start":{"line":111,"column":29},"end":{"line":111,"column":42}},"23":{"start":{"line":112,"column":4},"end":{"line":125,"column":5}},"24":{"start":{"line":113,"column":19},"end":{"line":120,"column":7}},"25":{"start":{"line":121,"column":6},"end":{"line":121,"column":36}},"26":{"start":{"line":124,"column":6},"end":{"line":124,"column":34}},"27":{"start":{"line":129,"column":20},"end":{"line":129,"column":43}},"28":{"start":{"line":130,"column":4},"end":{"line":130,"column":30}},"29":{"start":{"line":130,"column":18},"end":{"line":130,"column":30}},"30":{"start":{"line":131,"column":4},"end":{"line":147,"column":5}},"31":{"start":{"line":132,"column":19},"end":{"line":139,"column":7}},"32":{"start":{"line":140,"column":6},"end":{"line":144,"column":7}},"33":{"start":{"line":141,"column":8},"end":{"line":141,"column":36}},"34":{"start":{"line":142,"column":8},"end":{"line":142,"column":75}},"35":{"start":{"line":142,"column":32},"end":{"line":142,"column":75}},"36":{"start":{"line":143,"column":8},"end":{"line":143,"column":26}},"37":{"start":{"line":149,"column":4},"end":{"line":149,"column":23}},"38":{"start":{"line":150,"column":4},"end":{"line":150,"column":30}},"39":{"start":{"line":151,"column":4},"end":{"line":151,"column":16}},"40":{"start":{"line":155,"column":18},"end":{"line":155,"column":34}},"41":{"start":{"line":156,"column":20},"end":{"line":156,"column":43}},"42":{"start":{"line":157,"column":4},"end":{"line":171,"column":5}},"43":{"start":{"line":158,"column":6},"end":{"line":170,"column":7}},"44":{"start":{"line":159,"column":8},"end":{"line":167,"column":10}},"45":{"start":{"line":172,"column":4},"end":{"line":172,"column":23}},"46":{"start":{"line":173,"column":4},"end":{"line":173,"column":30}},"47":{"start":{"line":174,"column":4},"end":{"line":174,"column":22}},"48":{"start":{"line":178,"column":4},"end":{"line":178,"column":22}},"49":{"start":{"line":182,"column":4},"end":{"line":182,"column":27}},"50":{"start":{"line":186,"column":18},"end":{"line":186,"column":34}},"51":{"start":{"line":187,"column":4},"end":{"line":187,"column":29}},"52":{"start":{"line":187,"column":16},"end":{"line":187,"column":29}},"53":{"start":{"line":188,"column":4},"end":{"line":191,"column":5}},"54":{"start":{"line":189,"column":24},"end":{"line":189,"column":49}},"55":{"start":{"line":190,"column":6},"end":{"line":190,"column":32}},"56":{"start":{"line":192,"column":4},"end":{"line":194,"column":5}},"57":{"start":{"line":193,"column":6},"end":{"line":193,"column":32}},"58":{"start":{"line":195,"column":4},"end":{"line":195,"column":59}},"59":{"start":{"line":199,"column":20},"end":{"line":199,"column":37}},"60":{"start":{"line":202,"column":0},"end":{"line":202,"column":52}},"61":{"start":{"line":202,"column":24},"end":{"line":202,"column":50}}},"fnMap":{"0":{"name":"isJwtExpired","decl":{"start":{"line":70,"column":9},"end":{"line":70,"column":21}},"loc":{"start":{"line":70,"column":64},"end":{"line":76,"column":1}},"line":70},"1":{"name":"(anonymous_1)","decl":{"start":{"line":79,"column":2},"end":{"line":79,"column":3}},"loc":{"start":{"line":79,"column":69},"end":{"line":108,"column":3}},"line":79},"2":{"name":"(anonymous_2)","decl":{"start":{"line":110,"column":2},"end":{"line":110,"column":3}},"loc":{"start":{"line":110,"column":55},"end":{"line":126,"column":3}},"line":110},"3":{"name":"(anonymous_3)","decl":{"start":{"line":128,"column":2},"end":{"line":128,"column":3}},"loc":{"start":{"line":128,"column":47},"end":{"line":152,"column":3}},"line":128},"4":{"name":"(anonymous_4)","decl":{"start":{"line":154,"column":2},"end":{"line":154,"column":3}},"loc":{"start":{"line":154,"column":32},"end":{"line":175,"column":3}},"line":154},"5":{"name":"(anonymous_5)","decl":{"start":{"line":177,"column":2},"end":{"line":177,"column":3}},"loc":{"start":{"line":177,"column":49},"end":{"line":179,"column":3}},"line":177},"6":{"name":"(anonymous_6)","decl":{"start":{"line":181,"column":2},"end":{"line":181,"column":3}},"loc":{"start":{"line":181,"column":46},"end":{"line":183,"column":3}},"line":181},"7":{"name":"(anonymous_7)","decl":{"start":{"line":185,"column":2},"end":{"line":185,"column":3}},"loc":{"start":{"line":185,"column":44},"end":{"line":196,"column":3}},"line":185},"8":{"name":"(anonymous_8)","decl":{"start":{"line":202,"column":18},"end":{"line":202,"column":19}},"loc":{"start":{"line":202,"column":24},"end":{"line":202,"column":50}},"line":202}},"branchMap":{"0":{"loc":{"start":{"line":70,"column":37},"end":{"line":70,"column":53}},"type":"default-arg","locations":[{"start":{"line":70,"column":51},"end":{"line":70,"column":53}}],"line":70},"1":{"loc":{"start":{"line":72,"column":2},"end":{"line":72,"column":22}},"type":"if","locations":[{"start":{"line":72,"column":2},"end":{"line":72,"column":22}},{"start":{},"end":{}}],"line":72},"2":{"loc":{"start":{"line":73,"column":15},"end":{"line":73,"column":33}},"type":"binary-expr","locations":[{"start":{"line":73,"column":15},"end":{"line":73,"column":20}},{"start":{"line":73,"column":24},"end":{"line":73,"column":33}}],"line":73},"3":{"loc":{"start":{"line":74,"column":2},"end":{"line":74,"column":24}},"type":"if","locations":[{"start":{"line":74,"column":2},"end":{"line":74,"column":24}},{"start":{},"end":{}}],"line":74},"4":{"loc":{"start":{"line":94,"column":6},"end":{"line":94,"column":60}},"type":"if","locations":[{"start":{"line":94,"column":6},"end":{"line":94,"column":60}},{"start":{},"end":{}}],"line":94},"5":{"loc":{"start":{"line":98,"column":4},"end":{"line":102,"column":5}},"type":"if","locations":[{"start":{"line":98,"column":4},"end":{"line":102,"column":5}},{"start":{},"end":{}}],"line":98},"6":{"loc":{"start":{"line":100,"column":8},"end":{"line":100,"column":86}},"type":"binary-expr","locations":[{"start":{"line":100,"column":8},"end":{"line":100,"column":24}},{"start":{"line":100,"column":28},"end":{"line":100,"column":86}}],"line":100},"7":{"loc":{"start":{"line":104,"column":4},"end":{"line":104,"column":54}},"type":"if","locations":[{"start":{"line":104,"column":4},"end":{"line":104,"column":54}},{"start":{},"end":{}}],"line":104},"8":{"loc":{"start":{"line":105,"column":4},"end":{"line":105,"column":77}},"type":"if","locations":[{"start":{"line":105,"column":4},"end":{"line":105,"column":77}},{"start":{},"end":{}}],"line":105},"9":{"loc":{"start":{"line":106,"column":4},"end":{"line":106,"column":51}},"type":"if","locations":[{"start":{"line":106,"column":4},"end":{"line":106,"column":51}},{"start":{},"end":{}}],"line":106},"10":{"loc":{"start":{"line":111,"column":4},"end":{"line":111,"column":42}},"type":"if","locations":[{"start":{"line":111,"column":4},"end":{"line":111,"column":42}},{"start":{},"end":{}}],"line":111},"11":{"loc":{"start":{"line":130,"column":4},"end":{"line":130,"column":30}},"type":"if","locations":[{"start":{"line":130,"column":4},"end":{"line":130,"column":30}},{"start":{},"end":{}}],"line":130},"12":{"loc":{"start":{"line":140,"column":6},"end":{"line":144,"column":7}},"type":"if","locations":[{"start":{"line":140,"column":6},"end":{"line":144,"column":7}},{"start":{},"end":{}}],"line":140},"13":{"loc":{"start":{"line":140,"column":10},"end":{"line":140,"column":37}},"type":"binary-expr","locations":[{"start":{"line":140,"column":10},"end":{"line":140,"column":23}},{"start":{"line":140,"column":27},"end":{"line":140,"column":37}}],"line":140},"14":{"loc":{"start":{"line":142,"column":8},"end":{"line":142,"column":75}},"type":"if","locations":[{"start":{"line":142,"column":8},"end":{"line":142,"column":75}},{"start":{},"end":{}}],"line":142},"15":{"loc":{"start":{"line":157,"column":4},"end":{"line":171,"column":5}},"type":"if","locations":[{"start":{"line":157,"column":4},"end":{"line":171,"column":5}},{"start":{},"end":{}}],"line":157},"16":{"loc":{"start":{"line":157,"column":8},"end":{"line":157,"column":24}},"type":"binary-expr","locations":[{"start":{"line":157,"column":8},"end":{"line":157,"column":13}},{"start":{"line":157,"column":17},"end":{"line":157,"column":24}}],"line":157},"17":{"loc":{"start":{"line":163,"column":19},"end":{"line":163,"column":37}},"type":"binary-expr","locations":[{"start":{"line":163,"column":19},"end":{"line":163,"column":24}},{"start":{"line":163,"column":28},"end":{"line":163,"column":37}}],"line":163},"18":{"loc":{"start":{"line":164,"column":27},"end":{"line":164,"column":47}},"type":"binary-expr","locations":[{"start":{"line":164,"column":27},"end":{"line":164,"column":34}},{"start":{"line":164,"column":38},"end":{"line":164,"column":47}}],"line":164},"19":{"loc":{"start":{"line":187,"column":4},"end":{"line":187,"column":29}},"type":"if","locations":[{"start":{"line":187,"column":4},"end":{"line":187,"column":29}},{"start":{},"end":{}}],"line":187},"20":{"loc":{"start":{"line":188,"column":4},"end":{"line":191,"column":5}},"type":"if","locations":[{"start":{"line":188,"column":4},"end":{"line":191,"column":5}},{"start":{},"end":{}}],"line":188},"21":{"loc":{"start":{"line":192,"column":4},"end":{"line":194,"column":5}},"type":"if","locations":[{"start":{"line":192,"column":4},"end":{"line":194,"column":5}},{"start":{},"end":{}}],"line":192},"22":{"loc":{"start":{"line":195,"column":30},"end":{"line":195,"column":57}},"type":"binary-expr","locations":[{"start":{"line":195,"column":31},"end":{"line":195,"column":47}},{"start":{"line":195,"column":52},"end":{"line":195,"column":57}}],"line":195}},"s":{"0":6,"1":6,"2":0,"3":6,"4":6,"5":0,"6":6,"7":4,"8":4,"9":2,"10":2,"11":0,"12":2,"13":1,"14":1,"15":1,"16":1,"17":1,"18":1,"19":1,"20":1,"21":2,"22":0,"23":2,"24":2,"25":1,"26":1,"27":4,"28":4,"29":2,"30":2,"31":2,"32":2,"33":1,"34":1,"35":1,"36":1,"37":1,"38":1,"39":1,"40":3,"41":3,"42":3,"43":2,"44":2,"45":3,"46":3,"47":3,"48":0,"49":0,"50":4,"51":4,"52":1,"53":3,"54":1,"55":1,"56":2,"57":0,"58":2,"59":1,"60":1,"61":0},"f":{"0":6,"1":4,"2":2,"3":4,"4":3,"5":0,"6":0,"7":4,"8":0},"b":{"0":[6],"1":[0,6],"2":[6,0],"3":[0,6],"4":[2,0],"5":[1,1],"6":[1,0],"7":[1,0],"8":[1,0],"9":[1,0],"10":[0,2],"11":[2,2],"12":[1,1],"13":[2,1],"14":[1,0],"15":[2,1],"16":[3,1],"17":[2,0],"18":[2,1],"19":[1,3],"20":[1,2],"21":[0,2],"22":[2,0]},"_coverageSchema":"1a1c01bbd47fc00a2c39e90264f33305004495a9","hash":"fbfdfba8d75ea4d3b959b78bd15ce428f9591591"}
,"C:\\desenvolvimento\\app-zooloo\\services\\secureStorage.ts": {"path":"C:\\desenvolvimento\\app-zooloo\\services\\secureStorage.ts","statementMap":{"0":{"start":{"line":5,"column":18},"end":{"line":5,"column":37}},"1":{"start":{"line":6,"column":26},"end":{"line":6,"column":47}},"2":{"start":{"line":7,"column":17},"end":{"line":7,"column":35}},"3":{"start":{"line":8,"column":25},"end":{"line":8,"column":36}},"4":{"start":{"line":9,"column":24},"end":{"line":9,"column":34}},"5":{"start":{"line":11,"column":24},"end":{"line":11,"column":74}},"6":{"start":{"line":14,"column":2},"end":{"line":20,"column":3}},"7":{"start":{"line":15,"column":4},"end":{"line":17,"column":7}},"8":{"start":{"line":19,"column":4},"end":{"line":19,"column":43}},"9":{"start":{"line":24,"column":2},"end":{"line":26,"column":3}},"10":{"start":{"line":25,"column":4},"end":{"line":25,"column":41}},"11":{"start":{"line":27,"column":2},"end":{"line":27,"column":35}},"12":{"start":{"line":31,"column":2},"end":{"line":35,"column":3}},"13":{"start":{"line":32,"column":4},"end":{"line":32,"column":43}},"14":{"start":{"line":34,"column":4},"end":{"line":34,"column":39}},"15":{"start":{"line":39,"column":2},"end":{"line":39,"column":36}},"16":{"start":{"line":43,"column":14},"end":{"line":43,"column":40}},"17":{"start":{"line":44,"column":2},"end":{"line":44,"column":26}},"18":{"start":{"line":44,"column":13},"end":{"line":44,"column":26}},"19":{"start":{"line":45,"column":17},"end":{"line":45,"column":61}},"20":{"start":{"line":46,"column":2},"end":{"line":50,"column":3}},"21":{"start":{"line":47,"column":4},"end":{"line":47,"column":39}},"22":{"start":{"line":48,"column":4},"end":{"line":48,"column":52}},"23":{"start":{"line":49,"column":4},"end":{"line":49,"column":19}},"24":{"start":{"line":51,"column":2},"end":{"line":51,"column":15}},"25":{"start":{"line":55,"column":2},"end":{"line":55,"column":32}},"26":{"start":{"line":56,"column":2},"end":{"line":56,"column":50}},"27":{"start":{"line":60,"column":2},"end":{"line":60,"column":44}},"28":{"start":{"line":64,"column":2},"end":{"line":64,"column":38}},"29":{"start":{"line":68,"column":2},"end":{"line":68,"column":40}},"30":{"start":{"line":72,"column":2},"end":{"line":72,"column":61}},"31":{"start":{"line":77,"column":4},"end":{"line":78,"column":49}},"32":{"start":{"line":79,"column":2},"end":{"line":79,"column":24}},"33":{"start":{"line":79,"column":12},"end":{"line":79,"column":24}},"34":{"start":{"line":80,"column":2},"end":{"line":84,"column":3}},"35":{"start":{"line":81,"column":4},"end":{"line":81,"column":32}},"36":{"start":{"line":83,"column":4},"end":{"line":83,"column":16}},"37":{"start":{"line":88,"column":2},"end":{"line":88,"column":42}},"38":{"start":{"line":89,"column":2},"end":{"line":89,"column":49}}},"fnMap":{"0":{"name":"setSecure","decl":{"start":{"line":13,"column":15},"end":{"line":13,"column":24}},"loc":{"start":{"line":13,"column":68},"end":{"line":21,"column":1}},"line":13},"1":{"name":"getSecure","decl":{"start":{"line":23,"column":15},"end":{"line":23,"column":24}},"loc":{"start":{"line":23,"column":62},"end":{"line":28,"column":1}},"line":23},"2":{"name":"deleteSecure","decl":{"start":{"line":30,"column":15},"end":{"line":30,"column":27}},"loc":{"start":{"line":30,"column":56},"end":{"line":36,"column":1}},"line":30},"3":{"name":"saveToken","decl":{"start":{"line":38,"column":22},"end":{"line":38,"column":31}},"loc":{"start":{"line":38,"column":62},"end":{"line":40,"column":1}},"line":38},"4":{"name":"getToken","decl":{"start":{"line":42,"column":22},"end":{"line":42,"column":30}},"loc":{"start":{"line":42,"column":57},"end":{"line":52,"column":1}},"line":42},"5":{"name":"clearToken","decl":{"start":{"line":54,"column":22},"end":{"line":54,"column":32}},"loc":{"start":{"line":54,"column":50},"end":{"line":57,"column":1}},"line":54},"6":{"name":"saveRefreshToken","decl":{"start":{"line":59,"column":22},"end":{"line":59,"column":38}},"loc":{"start":{"line":59,"column":69},"end":{"line":61,"column":1}},"line":59},"7":{"name":"getRefreshToken","decl":{"start":{"line":63,"column":22},"end":{"line":63,"column":37}},"loc":{"start":{"line":63,"column":64},"end":{"line":65,"column":1}},"line":63},"8":{"name":"clearRefreshToken","decl":{"start":{"line":67,"column":22},"end":{"line":67,"column":39}},"loc":{"start":{"line":67,"column":57},"end":{"line":69,"column":1}},"line":67},"9":{"name":"saveUser","decl":{"start":{"line":71,"column":22},"end":{"line":71,"column":30}},"loc":{"start":{"line":71,"column":58},"end":{"line":73,"column":1}},"line":71},"10":{"name":"getUser","decl":{"start":{"line":75,"column":22},"end":{"line":75,"column":29}},"loc":{"start":{"line":75,"column":54},"end":{"line":85,"column":1}},"line":75},"11":{"name":"clearUser","decl":{"start":{"line":87,"column":22},"end":{"line":87,"column":31}},"loc":{"start":{"line":87,"column":49},"end":{"line":90,"column":1}},"line":87}},"branchMap":{"0":{"loc":{"start":{"line":11,"column":24},"end":{"line":11,"column":74}},"type":"binary-expr","locations":[{"start":{"line":11,"column":24},"end":{"line":11,"column":45}},{"start":{"line":11,"column":49},"end":{"line":11,"column":74}}],"line":11},"1":{"loc":{"start":{"line":14,"column":2},"end":{"line":20,"column":3}},"type":"if","locations":[{"start":{"line":14,"column":2},"end":{"line":20,"column":3}},{"start":{"line":18,"column":9},"end":{"line":20,"column":3}}],"line":14},"2":{"loc":{"start":{"line":24,"column":2},"end":{"line":26,"column":3}},"type":"if","locations":[{"start":{"line":24,"column":2},"end":{"line":26,"column":3}},{"start":{},"end":{}}],"line":24},"3":{"loc":{"start":{"line":31,"column":2},"end":{"line":35,"column":3}},"type":"if","locations":[{"start":{"line":31,"column":2},"end":{"line":35,"column":3}},{"start":{"line":33,"column":9},"end":{"line":35,"column":3}}],"line":31},"4":{"loc":{"start":{"line":44,"column":2},"end":{"line":44,"column":26}},"type":"if","locations":[{"start":{"line":44,"column":2},"end":{"line":44,"column":26}},{"start":{},"end":{}}],"line":44},"5":{"loc":{"start":{"line":46,"column":2},"end":{"line":50,"column":3}},"type":"if","locations":[{"start":{"line":46,"column":2},"end":{"line":50,"column":3}},{"start":{},"end":{}}],"line":46},"6":{"loc":{"start":{"line":77,"column":4},"end":{"line":78,"column":49}},"type":"binary-expr","locations":[{"start":{"line":77,"column":5},"end":{"line":77,"column":41}},{"start":{"line":78,"column":5},"end":{"line":78,"column":48}}],"line":77},"7":{"loc":{"start":{"line":79,"column":2},"end":{"line":79,"column":24}},"type":"if","locations":[{"start":{"line":79,"column":2},"end":{"line":79,"column":24}},{"start":{},"end":{}}],"line":79}},"s":{"0":3,"1":3,"2":3,"3":3,"4":3,"5":3,"6":26,"7":26,"8":0,"9":42,"10":42,"11":0,"12":52,"13":52,"14":0,"15":18,"16":29,"17":29,"18":20,"19":9,"20":9,"21":1,"22":1,"23":1,"24":9,"25":33,"26":33,"27":7,"28":13,"29":19,"30":3,"31":7,"32":7,"33":3,"34":4,"35":4,"36":1,"37":18,"38":18},"f":{"0":26,"1":42,"2":52,"3":18,"4":29,"5":33,"6":7,"7":13,"8":19,"9":3,"10":7,"11":18},"b":{"0":[3,0],"1":[26,0],"2":[42,0],"3":[52,0],"4":[20,9],"5":[1,8],"6":[7,4],"7":[3,4]},"_coverageSchema":"1a1c01bbd47fc00a2c39e90264f33305004495a9","hash":"7e72a9df4dadfa2c14b430396332aca70514890f"}
}
