TN:
SF:app/login.tsx
FN:20,LoginScreen
FN:26,(anonymous_1)
FN:63,(anonymous_2)
FNF:3
FNH:3
FNDA:13,LoginScreen
FNDA:3,(anonymous_1)
FNDA:1,(anonymous_2)
DA:21,13
DA:22,13
DA:23,13
DA:24,13
DA:26,13
DA:27,3
DA:28,1
DA:29,1
DA:31,2
DA:32,2
DA:33,2
DA:35,1
DA:37,2
DA:41,13
DA:63,1
DA:119,1
LF:16
LH:16
BRDA:27,0,0,1
BRDA:27,0,1,2
BRDA:27,1,0,3
BRDA:27,1,1,2
BRDA:35,2,0,1
BRDA:35,2,1,0
BRDA:44,3,0,13
BRDA:44,3,1,0
BRDA:97,4,0,13
BRDA:97,4,1,2
BRDA:102,5,0,2
BRDA:102,5,1,11
BRF:12
BRH:10
end_of_record
TN:
SF:app/terminal.tsx
FN:18,TerminalScreen
FN:23,(anonymous_1)
FN:25,(anonymous_2)
FN:35,(anonymous_3)
FN:40,(anonymous_4)
FN:45,(anonymous_5)
FN:56,(anonymous_6)
FN:102,(anonymous_7)
FNF:8
FNH:6
FNDA:7,TerminalScreen
FNDA:3,(anonymous_1)
FNDA:3,(anonymous_2)
FNDA:3,(anonymous_3)
FNDA:1,(anonymous_4)
FNDA:0,(anonymous_5)
FNDA:0,(anonymous_6)
FNDA:1,(anonymous_7)
DA:19,7
DA:20,7
DA:21,7
DA:23,7
DA:24,3
DA:25,3
DA:26,3
DA:27,3
DA:28,3
DA:30,0
DA:32,3
DA:35,3
DA:36,3
DA:40,7
DA:41,1
DA:42,1
DA:43,1
DA:44,1
DA:45,1
DA:47,0
DA:51,7
DA:56,0
DA:102,1
DA:113,1
LF:24
LH:21
BRDA:28,0,0,3
BRDA:28,0,1,0
BRDA:30,1,0,0
BRDA:30,1,1,0
BRDA:32,2,0,3
BRDA:32,2,1,0
BRDA:41,3,0,0
BRDA:41,3,1,1
BRDA:77,4,0,3
BRDA:77,4,1,4
BRDA:81,5,0,4
BRDA:81,5,1,0
BRDA:86,6,0,7
BRDA:86,6,1,4
BRDA:86,6,2,3
BRDA:88,7,0,7
BRDA:88,7,1,4
BRDA:93,8,0,1
BRDA:93,8,1,6
BRDA:97,9,0,1
BRDA:97,9,1,6
BRDA:162,10,0,1
BRDA:162,10,1,0
BRF:23
BRH:16
end_of_record
TN:
SF:context/AuthContext.tsx
FN:17,(anonymous_0)
FN:23,(anonymous_1)
FN:44,(anonymous_2)
FN:48,(anonymous_3)
FN:74,(anonymous_4)
FN:103,(anonymous_5)
FNF:6
FNH:6
FNDA:12,(anonymous_0)
FNDA:5,(anonymous_1)
FNDA:5,(anonymous_2)
FNDA:2,(anonymous_3)
FNDA:1,(anonymous_4)
FNDA:14,(anonymous_5)
DA:15,1
DA:17,1
DA:18,12
DA:19,12
DA:20,12
DA:21,12
DA:23,12
DA:24,5
DA:25,5
DA:26,5
DA:27,5
DA:28,5
DA:29,2
DA:30,2
DA:32,3
DA:33,3
DA:36,0
DA:37,0
DA:38,0
DA:40,5
DA:44,12
DA:45,5
DA:48,12
DA:49,2
DA:50,2
DA:51,1
DA:52,0
DA:54,1
DA:55,1
DA:56,1
DA:67,1
DA:68,1
DA:69,1
DA:70,1
DA:74,12
DA:75,1
DA:76,1
DA:80,1
DA:81,1
DA:82,1
DA:86,12
DA:103,1
DA:104,14
DA:105,14
DA:106,2
DA:108,12
LF:46
LH:42
BRDA:28,0,0,2
BRDA:28,0,1,3
BRDA:51,1,0,0
BRDA:51,1,1,1
BRDA:51,2,0,1
BRDA:51,2,1,1
BRDA:52,3,0,0
BRDA:52,3,1,0
BRDA:57,4,0,1
BRDA:57,4,1,0
BRDA:105,5,0,2
BRDA:105,5,1,12
BRF:12
BRH:8
end_of_record
TN:
SF:context/CarrinhoContext.tsx
FN:15,(anonymous_0)
FN:18,(anonymous_1)
FN:26,(anonymous_2)
FN:29,(anonymous_3)
FN:30,(anonymous_4)
FN:30,(anonymous_5)
FN:33,(anonymous_6)
FN:37,(anonymous_7)
FN:38,(anonymous_8)
FN:57,(anonymous_9)
FNF:10
FNH:10
FNDA:11,(anonymous_0)
FNDA:155,(anonymous_1)
FNDA:154,(anonymous_2)
FNDA:1,(anonymous_3)
FNDA:1,(anonymous_4)
FNDA:1,(anonymous_5)
FNDA:1,(anonymous_6)
FNDA:3,(anonymous_7)
FNDA:1,(anonymous_8)
FNDA:11,(anonymous_9)
DA:13,1
DA:15,1
DA:16,11
DA:18,11
DA:19,155
DA:20,1
DA:22,154
DA:26,154
DA:29,11
DA:30,1
DA:33,11
DA:34,1
DA:37,11
DA:38,3
DA:41,11
DA:57,1
DA:58,11
DA:59,11
DA:60,0
DA:62,11
LF:20
LH:19
BRDA:19,0,0,1
BRDA:19,0,1,154
BRDA:59,1,0,0
BRDA:59,1,1,11
BRF:4
BRH:3
end_of_record
TN:
SF:services/apiClient.ts
FN:10,(anonymous_0)
FN:25,base64UrlDecode
FN:32,decodeJwt
FN:42,isTokenExpiringSoon
FN:50,timedFetch
FN:52,(anonymous_5)
FN:72,setRefreshHandler
FN:76,performRefresh
FN:79,(anonymous_8)
FN:100,apiCall
FNF:10
FNH:9
FNDA:8,(anonymous_0)
FNDA:19,base64UrlDecode
FNDA:20,decodeJwt
FNDA:12,isTokenExpiringSoon
FNDA:24,timedFetch
FNDA:0,(anonymous_5)
FNDA:20,setRefreshHandler
FNDA:6,performRefresh
FNDA:4,(anonymous_8)
FNDA:24,apiCall
DA:15,8
DA:16,8
DA:26,19
DA:27,19
DA:28,0
DA:29,0
DA:33,20
DA:34,20
DA:35,20
DA:36,19
DA:38,0
DA:43,12
DA:44,12
DA:45,12
DA:46,12
DA:47,12
DA:51,24
DA:52,24
DA:53,24
DA:54,24
DA:56,24
DA:64,2
DA:66,2
DA:73,20
DA:77,6
DA:78,6
DA:79,4
DA:80,4
DA:83,6
DA:104,24
DA:106,24
DA:107,8
DA:108,8
DA:109,4
DA:110,4
DA:114,24
DA:118,24
DA:121,24
DA:122,24
DA:128,4
DA:129,1
DA:131,3
DA:135,20
DA:136,2
DA:137,2
DA:138,1
DA:143,19
DA:144,19
DA:146,0
DA:149,19
DA:150,3
DA:157,16
LF:52
LH:48
BRDA:27,0,0,19
BRDA:27,0,1,0
BRDA:35,1,0,1
BRDA:35,1,1,19
BRDA:42,2,0,12
BRDA:44,3,0,0
BRDA:44,3,1,12
BRDA:45,4,0,12
BRDA:45,4,1,0
BRDA:46,5,0,0
BRDA:46,5,1,12
BRDA:50,6,0,24
BRDA:77,7,0,0
BRDA:77,7,1,6
BRDA:78,8,0,4
BRDA:78,8,1,2
BRDA:102,9,0,7
BRDA:106,10,0,8
BRDA:106,10,1,16
BRDA:108,11,0,4
BRDA:108,11,1,4
BRDA:108,12,0,8
BRDA:108,12,1,8
BRDA:110,13,0,4
BRDA:110,13,1,0
BRDA:118,14,0,8
BRDA:118,14,1,16
BRDA:128,15,0,1
BRDA:128,15,1,3
BRDA:128,16,0,4
BRDA:128,16,1,4
BRDA:135,17,0,2
BRDA:135,17,1,18
BRDA:135,18,0,20
BRDA:135,18,1,2
BRDA:135,18,2,2
BRDA:137,19,0,1
BRDA:137,19,1,1
BRDA:149,20,0,3
BRDA:149,20,1,16
BRDA:152,21,0,3
BRDA:152,21,1,0
BRF:42
BRH:35
end_of_record
TN:
SF:services/apiConfig.ts
FN:11,getExtra
FN:15,resolveDevHost
FN:22,getApiBaseUrl
FNF:3
FNH:3
FNDA:30,getExtra
FNDA:25,resolveDevHost
FNDA:30,getApiBaseUrl
DA:4,3
DA:12,30
DA:16,25
DA:17,25
DA:18,25
DA:19,0
DA:23,30
DA:24,30
DA:27,30
DA:28,5
DA:30,25
DA:31,25
DA:34,30
DA:35,1
DA:41,29
LF:15
LH:14
BRDA:12,0,0,30
BRDA:12,0,1,0
BRDA:16,1,0,25
BRDA:16,1,1,0
BRDA:17,2,0,25
BRDA:17,2,1,0
BRDA:18,3,0,25
BRDA:18,3,1,0
BRDA:19,4,0,0
BRDA:19,4,1,0
BRDA:27,5,0,5
BRDA:27,5,1,25
BRDA:34,6,0,1
BRDA:34,6,1,29
BRDA:34,7,0,30
BRDA:34,7,1,3
BRDA:34,7,2,2
BRF:17
BRH:11
end_of_record
TN:
SF:services/apostaService.ts
FN:9,(anonymous_0)
FN:23,(anonymous_1)
FNF:2
FNH:2
FNDA:1,(anonymous_0)
FNDA:2,(anonymous_1)
DA:10,1
DA:27,2
DA:36,2
LF:3
LH:3
BRDA:36,0,0,1
BRDA:36,0,1,1
BRDA:36,1,0,1
BRDA:36,1,1,0
BRF:4
BRH:3
end_of_record
TN:
SF:services/auth.ts
FN:87,isJwtExpired
FN:96,(anonymous_1)
FN:141,(anonymous_2)
FN:159,(anonymous_3)
FN:185,(anonymous_4)
FN:209,(anonymous_5)
FN:213,(anonymous_6)
FN:217,(anonymous_7)
FN:221,(anonymous_8)
FN:238,(anonymous_9)
FNF:10
FNH:6
FNDA:6,isJwtExpired
FNDA:6,(anonymous_1)
FNDA:2,(anonymous_2)
FNDA:4,(anonymous_3)
FNDA:3,(anonymous_4)
FNDA:0,(anonymous_5)
FNDA:0,(anonymous_6)
FNDA:0,(anonymous_7)
FNDA:4,(anonymous_8)
FNDA:0,(anonymous_9)
DA:88,6
DA:89,6
DA:90,6
DA:91,6
DA:92,6
DA:98,6
DA:101,6
DA:102,6
DA:115,2
DA:116,0
DA:119,4
DA:120,2
DA:125,2
DA:126,2
DA:127,2
DA:128,2
DA:129,2
DA:136,0
DA:138,2
DA:142,2
DA:143,2
DA:144,2
DA:152,1
DA:155,1
DA:160,4
DA:161,4
DA:162,2
DA:163,2
DA:171,2
DA:172,1
DA:173,1
DA:174,1
DA:180,1
DA:181,1
DA:182,1
DA:186,3
DA:187,3
DA:188,3
DA:189,2
DA:190,2
DA:203,3
DA:204,3
DA:205,3
DA:206,3
DA:210,0
DA:214,0
DA:218,0
DA:222,4
DA:223,4
DA:224,3
DA:225,1
DA:226,1
DA:228,2
DA:229,0
DA:231,2
DA:235,1
DA:238,1
LF:57
LH:51
BRDA:87,0,0,6
BRDA:89,1,0,0
BRDA:89,1,1,6
BRDA:90,2,0,6
BRDA:90,2,1,0
BRDA:91,3,0,0
BRDA:91,3,1,6
BRDA:98,4,0,6
BRDA:98,4,1,1
BRDA:98,4,2,5
BRDA:115,5,0,2
BRDA:115,5,1,0
BRDA:119,6,0,2
BRDA:119,6,1,2
BRDA:121,7,0,2
BRDA:121,7,1,0
BRDA:125,8,0,2
BRDA:125,8,1,0
BRDA:126,9,0,2
BRDA:126,9,1,0
BRDA:127,10,0,2
BRDA:127,10,1,0
BRDA:128,11,0,2
BRDA:128,11,1,0
BRDA:142,12,0,0
BRDA:142,12,1,2
BRDA:161,13,0,2
BRDA:161,13,1,2
BRDA:171,14,0,1
BRDA:171,14,1,1
BRDA:171,15,0,2
BRDA:171,15,1,1
BRDA:173,16,0,1
BRDA:173,16,1,0
BRDA:188,17,0,2
BRDA:188,17,1,1
BRDA:188,18,0,3
BRDA:188,18,1,1
BRDA:194,19,0,2
BRDA:194,19,1,0
BRDA:195,20,0,2
BRDA:195,20,1,1
BRDA:223,21,0,1
BRDA:223,21,1,3
BRDA:224,22,0,1
BRDA:224,22,1,2
BRDA:228,23,0,0
BRDA:228,23,1,2
BRDA:231,24,0,2
BRDA:231,24,1,0
BRF:50
BRH:36
end_of_record
TN:
SF:services/deviceSerial.ts
FN:14,getDeviceSerial
FN:41,generateFallbackSerial
FN:43,(anonymous_2)
FNF:3
FNH:3
FNDA:4,getDeviceSerial
FNDA:1,generateFallbackSerial
FNDA:7,(anonymous_2)
DA:15,4
DA:16,4
DA:17,1
DA:18,1
DA:19,1
DA:23,3
DA:24,1
DA:25,1
DA:26,1
DA:33,2
DA:34,2
DA:36,1
DA:37,1
DA:38,1
DA:43,1
DA:44,7
DA:47,1
LF:17
LH:17
BRDA:16,0,0,1
BRDA:16,0,1,3
BRDA:18,1,0,1
BRDA:18,1,1,0
BRDA:18,2,0,1
BRDA:18,2,1,1
BRDA:23,3,0,1
BRDA:23,3,1,2
BRDA:25,4,0,1
BRDA:25,4,1,0
BRDA:25,5,0,1
BRDA:25,5,1,1
BRDA:34,6,0,1
BRDA:34,6,1,1
BRF:14
BRH:12
end_of_record
TN:
SF:services/secureStorage.ts
FN:15,setSecure
FN:25,getSecure
FN:32,deleteSecure
FN:40,saveToken
FN:44,getToken
FN:56,clearToken
FN:61,saveRefreshToken
FN:65,getRefreshToken
FN:69,clearRefreshToken
FN:73,saveUser
FN:77,getUser
FN:89,clearUser
FN:101,saveTerminal
FN:105,getTerminal
FN:115,clearTerminal
FN:120,saveDeviceSerialStored
FN:124,getDeviceSerialStored
FNF:17
FNH:15
FNDA:33,setSecure
FNDA:48,getSecure
FNDA:76,deleteSecure
FNDA:19,saveToken
FNDA:30,getToken
FNDA:35,clearToken
FNDA:8,saveRefreshToken
FNDA:13,getRefreshToken
FNDA:21,clearRefreshToken
FNDA:4,saveUser
FNDA:7,getUser
FNDA:20,clearUser
FNDA:5,saveTerminal
FNDA:5,getTerminal
FNDA:20,clearTerminal
FNDA:0,saveDeviceSerialStored
FNDA:0,getDeviceSerialStored
DA:5,4
DA:6,4
DA:7,4
DA:8,4
DA:9,4
DA:10,4
DA:11,4
DA:13,4
DA:16,33
DA:17,33
DA:21,0
DA:26,48
DA:27,48
DA:29,0
DA:33,76
DA:34,76
DA:36,0
DA:41,19
DA:45,30
DA:46,30
DA:47,10
DA:48,10
DA:49,1
DA:50,1
DA:51,1
DA:53,10
DA:57,35
DA:58,35
DA:62,8
DA:66,13
DA:70,21
DA:74,4
DA:79,7
DA:81,7
DA:82,4
DA:83,4
DA:85,1
DA:90,20
DA:91,20
DA:102,5
DA:106,5
DA:107,5
DA:108,2
DA:109,2
DA:111,0
DA:116,20
DA:121,0
DA:125,0
LF:48
LH:42
BRDA:13,0,0,4
BRDA:13,0,1,0
BRDA:16,1,0,33
BRDA:16,1,1,0
BRDA:26,2,0,48
BRDA:26,2,1,0
BRDA:33,3,0,76
BRDA:33,3,1,0
BRDA:46,4,0,20
BRDA:46,4,1,10
BRDA:48,5,0,1
BRDA:48,5,1,9
BRDA:79,6,0,7
BRDA:79,6,1,4
BRDA:81,7,0,3
BRDA:81,7,1,4
BRDA:107,8,0,3
BRDA:107,8,1,2
BRF:18
BRH:14
end_of_record
