TN:
SF:app\login.tsx
FN:16,LoginScreen
FN:24,(anonymous_1)
FNF:2
FNH:2
FNDA:12,LoginScreen
FNDA:3,(anonymous_1)
DA:17,12
DA:18,12
DA:19,12
DA:20,12
DA:24,12
DA:25,3
DA:26,1
DA:27,1
DA:29,2
DA:30,2
DA:31,2
DA:34,1
DA:36,2
DA:42,12
LF:14
LH:14
BRDA:25,0,0,1
BRDA:25,0,1,2
BRDA:25,1,0,3
BRDA:25,1,1,2
BRDA:34,2,0,1
BRDA:34,2,1,0
BRDA:44,3,0,12
BRDA:44,3,1,0
BRDA:95,4,0,2
BRDA:95,4,1,10
BRDA:102,5,0,2
BRDA:102,5,1,10
BRF:12
BRH:10
end_of_record
TN:
SF:context\AuthContext.tsx
FN:16,(anonymous_0)
FN:21,(anonymous_1)
FN:35,(anonymous_2)
FN:39,(anonymous_3)
FN:54,(anonymous_4)
FN:74,(anonymous_5)
FNF:6
FNH:6
FNDA:12,(anonymous_0)
FNDA:5,(anonymous_1)
FNDA:5,(anonymous_2)
FNDA:2,(anonymous_3)
FNDA:1,(anonymous_4)
FNDA:14,(anonymous_5)
DA:14,1
DA:16,1
DA:17,12
DA:18,12
DA:19,12
DA:21,12
DA:22,5
DA:23,5
DA:24,5
DA:25,5
DA:26,5
DA:28,0
DA:29,0
DA:31,5
DA:35,12
DA:36,5
DA:39,12
DA:40,2
DA:41,2
DA:42,1
DA:43,0
DA:45,1
DA:46,1
DA:48,1
DA:49,1
DA:50,1
DA:54,12
DA:55,1
DA:56,1
DA:60,1
DA:61,1
DA:65,12
DA:74,1
DA:75,14
DA:76,14
DA:77,2
DA:79,12
LF:37
LH:34
BRDA:26,0,0,2
BRDA:26,0,1,3
BRDA:42,1,0,0
BRDA:42,1,1,1
BRDA:42,2,0,1
BRDA:42,2,1,1
BRDA:43,3,0,0
BRDA:43,3,1,0
BRDA:76,4,0,2
BRDA:76,4,1,12
BRF:10
BRH:7
end_of_record
TN:
SF:services\apiClient.ts
FN:10,(anonymous_0)
FN:25,base64UrlDecode
FN:32,decodeJwt
FN:42,isTokenExpiringSoon
FN:50,timedFetch
FN:52,(anonymous_5)
FN:72,setRefreshHandler
FN:76,performRefresh
FN:79,(anonymous_8)
FN:100,apiCall
FNF:10
FNH:9
FNDA:8,(anonymous_0)
FNDA:19,base64UrlDecode
FNDA:20,decodeJwt
FNDA:12,isTokenExpiringSoon
FNDA:22,timedFetch
FNDA:0,(anonymous_5)
FNDA:20,setRefreshHandler
FNDA:6,performRefresh
FNDA:4,(anonymous_8)
FNDA:22,apiCall
DA:15,8
DA:16,8
DA:26,19
DA:27,19
DA:28,0
DA:29,0
DA:33,20
DA:34,20
DA:35,20
DA:36,19
DA:38,0
DA:43,12
DA:44,12
DA:45,12
DA:46,12
DA:47,12
DA:51,22
DA:52,22
DA:53,22
DA:54,22
DA:56,22
DA:64,2
DA:66,2
DA:73,20
DA:77,6
DA:78,6
DA:79,4
DA:80,4
DA:83,6
DA:104,22
DA:106,22
DA:107,8
DA:108,8
DA:109,4
DA:110,4
DA:114,22
DA:118,22
DA:121,22
DA:122,22
DA:128,4
DA:129,1
DA:131,3
DA:135,18
DA:136,2
DA:137,2
DA:138,1
DA:143,17
DA:144,17
DA:146,0
DA:149,17
DA:150,3
DA:157,14
LF:52
LH:48
BRDA:27,0,0,19
BRDA:27,0,1,0
BRDA:35,1,0,1
BRDA:35,1,1,19
BRDA:42,2,0,12
BRDA:44,3,0,0
BRDA:44,3,1,12
BRDA:45,4,0,12
BRDA:45,4,1,0
BRDA:46,5,0,0
BRDA:46,5,1,12
BRDA:50,6,0,22
BRDA:77,7,0,0
BRDA:77,7,1,6
BRDA:78,8,0,4
BRDA:78,8,1,2
BRDA:102,9,0,7
BRDA:106,10,0,8
BRDA:106,10,1,14
BRDA:108,11,0,4
BRDA:108,11,1,4
BRDA:108,12,0,8
BRDA:108,12,1,8
BRDA:110,13,0,4
BRDA:110,13,1,0
BRDA:118,14,0,8
BRDA:118,14,1,14
BRDA:128,15,0,1
BRDA:128,15,1,3
BRDA:128,16,0,4
BRDA:128,16,1,4
BRDA:135,17,0,2
BRDA:135,17,1,16
BRDA:135,18,0,18
BRDA:135,18,1,2
BRDA:135,18,2,2
BRDA:137,19,0,1
BRDA:137,19,1,1
BRDA:149,20,0,3
BRDA:149,20,1,14
BRDA:152,21,0,3
BRDA:152,21,1,0
BRF:42
BRH:35
end_of_record
TN:
SF:services\apiConfig.ts
FN:11,getExtra
FN:15,resolveDevHost
FN:22,getApiBaseUrl
FNF:3
FNH:3
FNDA:28,getExtra
FNDA:23,resolveDevHost
FNDA:28,getApiBaseUrl
DA:4,3
DA:12,28
DA:16,23
DA:17,23
DA:18,23
DA:19,0
DA:23,28
DA:24,28
DA:27,28
DA:28,5
DA:30,23
DA:31,23
DA:34,28
DA:35,1
DA:41,27
LF:15
LH:14
BRDA:12,0,0,28
BRDA:12,0,1,0
BRDA:16,1,0,23
BRDA:16,1,1,0
BRDA:17,2,0,23
BRDA:17,2,1,0
BRDA:18,3,0,23
BRDA:18,3,1,0
BRDA:19,4,0,0
BRDA:19,4,1,0
BRDA:27,5,0,5
BRDA:27,5,1,23
BRDA:34,6,0,1
BRDA:34,6,1,27
BRDA:34,7,0,28
BRDA:34,7,1,3
BRDA:34,7,2,2
BRF:17
BRH:11
end_of_record
TN:
SF:services\auth.ts
FN:70,isJwtExpired
FN:79,(anonymous_1)
FN:110,(anonymous_2)
FN:128,(anonymous_3)
FN:154,(anonymous_4)
FN:177,(anonymous_5)
FN:181,(anonymous_6)
FN:185,(anonymous_7)
FN:202,(anonymous_8)
FNF:9
FNH:6
FNDA:6,isJwtExpired
FNDA:4,(anonymous_1)
FNDA:2,(anonymous_2)
FNDA:4,(anonymous_3)
FNDA:3,(anonymous_4)
FNDA:0,(anonymous_5)
FNDA:0,(anonymous_6)
FNDA:4,(anonymous_7)
FNDA:0,(anonymous_8)
DA:71,6
DA:72,6
DA:73,6
DA:74,6
DA:75,6
DA:81,4
DA:82,4
DA:94,2
DA:95,0
DA:98,2
DA:99,1
DA:104,1
DA:105,1
DA:106,1
DA:107,1
DA:111,2
DA:112,2
DA:113,2
DA:121,1
DA:124,1
DA:129,4
DA:130,4
DA:131,2
DA:132,2
DA:140,2
DA:141,1
DA:142,1
DA:143,1
DA:149,1
DA:150,1
DA:151,1
DA:155,3
DA:156,3
DA:157,3
DA:158,2
DA:159,2
DA:172,3
DA:173,3
DA:174,3
DA:178,0
DA:182,0
DA:186,4
DA:187,4
DA:188,3
DA:189,1
DA:190,1
DA:192,2
DA:193,0
DA:195,2
DA:199,1
DA:202,1
LF:51
LH:47
BRDA:70,0,0,6
BRDA:72,1,0,0
BRDA:72,1,1,6
BRDA:73,2,0,6
BRDA:73,2,1,0
BRDA:74,3,0,0
BRDA:74,3,1,6
BRDA:94,4,0,2
BRDA:94,4,1,0
BRDA:98,5,0,1
BRDA:98,5,1,1
BRDA:100,6,0,1
BRDA:100,6,1,0
BRDA:104,7,0,1
BRDA:104,7,1,0
BRDA:105,8,0,1
BRDA:105,8,1,0
BRDA:106,9,0,1
BRDA:106,9,1,0
BRDA:111,10,0,0
BRDA:111,10,1,2
BRDA:130,11,0,2
BRDA:130,11,1,2
BRDA:140,12,0,1
BRDA:140,12,1,1
BRDA:140,13,0,2
BRDA:140,13,1,1
BRDA:142,14,0,1
BRDA:142,14,1,0
BRDA:157,15,0,2
BRDA:157,15,1,1
BRDA:157,16,0,3
BRDA:157,16,1,1
BRDA:163,17,0,2
BRDA:163,17,1,0
BRDA:164,18,0,2
BRDA:164,18,1,1
BRDA:187,19,0,1
BRDA:187,19,1,3
BRDA:188,20,0,1
BRDA:188,20,1,2
BRDA:192,21,0,0
BRDA:192,21,1,2
BRDA:195,22,0,2
BRDA:195,22,1,0
BRF:45
BRH:32
end_of_record
TN:
SF:services\secureStorage.ts
FN:13,setSecure
FN:23,getSecure
FN:30,deleteSecure
FN:38,saveToken
FN:42,getToken
FN:54,clearToken
FN:59,saveRefreshToken
FN:63,getRefreshToken
FN:67,clearRefreshToken
FN:71,saveUser
FN:75,getUser
FN:87,clearUser
FNF:12
FNH:12
FNDA:26,setSecure
FNDA:42,getSecure
FNDA:52,deleteSecure
FNDA:18,saveToken
FNDA:29,getToken
FNDA:33,clearToken
FNDA:7,saveRefreshToken
FNDA:13,getRefreshToken
FNDA:19,clearRefreshToken
FNDA:3,saveUser
FNDA:7,getUser
FNDA:18,clearUser
DA:5,3
DA:6,3
DA:7,3
DA:8,3
DA:9,3
DA:11,3
DA:14,26
DA:15,26
DA:19,0
DA:24,42
DA:25,42
DA:27,0
DA:31,52
DA:32,52
DA:34,0
DA:39,18
DA:43,29
DA:44,29
DA:45,9
DA:46,9
DA:47,1
DA:48,1
DA:49,1
DA:51,9
DA:55,33
DA:56,33
DA:60,7
DA:64,13
DA:68,19
DA:72,3
DA:77,7
DA:79,7
DA:80,4
DA:81,4
DA:83,1
DA:88,18
DA:89,18
LF:37
LH:34
BRDA:11,0,0,3
BRDA:11,0,1,0
BRDA:14,1,0,26
BRDA:14,1,1,0
BRDA:24,2,0,42
BRDA:24,2,1,0
BRDA:31,3,0,52
BRDA:31,3,1,0
BRDA:44,4,0,20
BRDA:44,4,1,9
BRDA:46,5,0,1
BRDA:46,5,1,8
BRDA:77,6,0,7
BRDA:77,6,1,4
BRDA:79,7,0,3
BRDA:79,7,1,4
BRF:16
BRH:12
end_of_record
